{"/home/webreflection/code/hyperHTML/hyperhtml.js":{"path":"/home/webreflection/code/hyperHTML/hyperhtml.js","s":{"1":2,"2":2,"3":1,"4":256,"5":256,"6":140,"7":140,"8":256,"9":256,"10":2,"11":28,"12":32,"13":32,"14":32,"15":32,"16":2,"17":2,"18":2,"19":2,"20":2,"21":20,"22":14,"23":6,"24":2,"25":1,"26":58,"27":2,"28":2,"29":2,"30":2,"31":2,"32":2,"33":2,"34":2,"35":2,"36":2,"37":2,"38":1,"39":46,"40":46,"41":34,"42":22,"43":12,"44":34,"45":1,"46":14,"47":6,"48":6,"49":2,"50":2,"51":4,"52":4,"53":6,"54":4,"55":6,"56":2,"57":2,"58":1,"59":86,"60":86,"61":24,"62":24,"63":1,"64":130,"65":130,"66":1,"67":16,"68":16,"69":2,"70":2,"71":2,"72":14,"73":14,"74":1,"75":32,"76":32,"77":16,"78":32,"79":22,"80":14,"81":4,"82":14,"83":14,"84":12,"85":16,"86":12,"87":12,"88":10,"89":4,"90":4,"91":6,"92":32,"93":28,"94":28,"95":26,"96":4,"97":2,"98":2,"99":22,"100":22,"101":2,"102":2,"103":1,"104":104,"105":104,"106":104,"107":284,"108":120,"109":56,"110":50,"111":50,"112":64,"113":22,"114":8,"115":8,"116":42,"117":42,"118":42,"119":42,"120":120,"121":4,"122":2,"123":2,"124":4,"125":160,"126":6,"127":6,"128":6,"129":154,"130":154,"131":72,"132":72,"133":2,"134":2,"135":70,"136":24,"137":24,"138":10,"139":10,"140":10,"141":12,"142":10,"143":8,"144":10,"145":10,"146":34,"147":8,"148":34,"149":4,"150":4,"151":32,"152":24,"153":24,"154":16,"155":8,"156":32,"157":82,"158":22,"159":14,"160":8,"161":60,"162":4,"163":56,"164":10,"165":46,"166":4,"167":42,"168":4,"169":38,"170":28,"171":28,"172":18,"173":10,"174":10,"175":10,"176":10,"177":10,"178":4,"179":6,"180":154,"181":1,"182":102,"183":38,"184":38,"185":32,"186":1,"187":200,"188":276,"189":276,"190":102,"191":102,"192":102,"193":66,"194":64,"195":24,"196":24,"197":40,"198":66,"199":108,"200":4,"201":108,"202":2,"203":2,"204":2,"205":2,"206":2,"207":2,"208":2,"209":2,"210":2,"211":2,"212":1,"213":4,"214":1,"215":2,"216":1,"217":50,"218":70,"219":70,"220":54,"221":50,"222":1,"223":130,"224":1,"225":108,"226":108,"227":1,"228":106,"229":106,"230":106,"231":106,"232":106,"233":106,"234":50,"235":50,"236":106,"237":1,"238":1,"239":1,"240":105,"241":105,"242":56,"243":49,"244":106,"245":1,"246":2,"247":2,"248":2,"249":1,"250":1,"251":1,"252":1,"253":1,"254":1,"255":2,"256":1,"257":46,"258":1,"259":46,"260":58,"261":8,"262":8,"263":6,"264":8,"265":8,"266":12,"267":12,"268":12,"269":12,"270":12,"271":12,"272":12,"273":12,"274":2,"275":2,"276":4,"277":10,"278":10,"279":12,"280":12,"281":2,"282":10,"283":12,"284":10,"285":12,"286":38,"287":38,"288":38,"289":46,"290":1,"291":12,"292":10,"293":2,"294":1,"295":28,"296":1,"297":10,"298":10,"299":2,"300":8,"301":2,"302":6,"303":2,"304":4,"305":1,"306":10,"307":10,"308":8,"309":1,"310":82,"311":1,"312":94,"313":1,"314":68,"315":68,"316":1,"317":140,"318":16,"319":1,"320":14,"321":14,"322":4,"323":4,"324":1,"325":136,"326":136,"327":52,"328":52,"329":32,"330":32,"331":52,"332":52,"333":136,"334":1,"335":16,"336":16,"337":12,"338":12,"339":12,"340":12,"341":12,"342":12,"343":12,"344":1,"345":100,"346":2,"347":2,"348":151,"349":82,"350":2,"351":1,"352":1,"353":70,"354":49,"355":2,"356":1,"357":1,"358":1,"359":94,"360":2,"361":37,"362":2,"363":2,"364":2,"365":1,"366":1,"367":183,"368":183,"369":2,"370":68,"371":18,"372":26,"373":2,"374":194,"375":224,"376":2,"377":123,"378":321,"379":321,"380":181,"381":123,"382":72,"383":2,"384":72,"385":93,"386":93,"387":51,"388":51,"389":42,"390":42,"391":72,"392":72,"393":93,"394":72,"395":2,"396":2,"397":2,"398":2,"399":26,"400":16,"401":16,"402":2,"403":32,"404":2,"405":7,"406":8,"407":6,"408":1,"409":7,"410":2,"411":6,"412":6,"413":4,"414":2,"415":6,"416":2,"417":2,"418":2,"419":2,"420":2,"421":2,"422":2,"423":2,"424":178,"425":124,"426":178,"427":54,"428":1,"429":98,"430":98,"431":98,"432":98,"433":98,"434":98,"435":1,"436":100,"437":100,"438":100,"439":28,"440":28,"441":40,"442":40,"443":40,"444":32,"445":32,"446":32,"447":100,"448":72,"449":100,"450":1,"451":108,"452":90,"453":90,"454":90,"455":8,"456":8,"457":90,"458":108,"459":108,"460":1,"461":32,"462":46,"463":46,"464":46,"465":32,"466":32,"467":1,"468":256,"469":264,"470":1,"471":140,"472":70,"473":140,"474":140,"475":140,"476":108,"477":108,"478":108,"479":32,"480":140,"481":1,"482":48,"483":1,"484":48,"485":48,"486":48,"487":1,"488":72,"489":50,"490":50,"491":6,"492":50,"493":72,"494":48,"495":14,"496":14,"497":7,"498":14,"499":10,"500":10,"501":10,"502":14,"503":10,"504":2,"505":2,"506":2,"507":8,"508":2,"509":8,"510":14,"511":14,"512":14,"513":58,"514":29,"515":58,"516":40,"517":40,"518":40,"519":58,"520":58,"521":1,"522":46,"523":46,"524":46,"525":46,"526":12,"527":12,"528":46,"529":24,"530":24,"531":46,"532":2,"533":2,"534":2},"b":{"1":[140,116],"2":[256,154],"3":[77,77],"4":[2,14,6],"5":[2,12],"6":[2,10],"7":[2,8],"8":[4,4],"9":[2,4],"10":[10,48],"11":[6,42],"12":[6,2],"13":[42,16],"14":[22,12],"15":[34,28],"16":[14,20],"17":[6,6,2],"18":[2,4],"19":[4,2],"20":[2,14],"21":[32,16],"22":[16,16],"23":[10,22],"24":[32,22],"25":[16,16],"26":[10,22],"27":[14,8],"28":[4,10],"29":[12,2],"30":[6,16],"31":[12,4],"32":[10,2],"33":[4,6],"34":[28,4],"35":[26,2],"36":[4,22],"37":[2,2],"38":[2,20],"39":[106,118,120,4,156,160,154],"40":[56,64],"41":[50,6],"42":[22,42],"43":[64,24],"44":[8,14],"45":[2,2],"46":[6,154],"47":[72,82],"48":[2,70],"49":[72,4],"50":[16,24,24,10,34,32],"51":[8,2],"52":[8,2],"53":[8,2],"54":[8,26],"55":[4,30],"56":[24,8],"57":[16,8],"58":[22,60],"59":[14,8],"60":[2,6],"61":[4,56],"62":[10,46],"63":[4,42],"64":[4,38],"65":[28,10],"66":[18,10],"67":[4,6],"68":[32,6],"69":[16,16],"70":[102,66,108],"71":[64,2],"72":[24,40],"73":[64,50,18],"74":[4,104],"75":[108,4],"76":[2,1,1],"77":[54,16],"78":[70,30],"79":[42,8],"80":[2,106],"81":[50,56],"82":[1,105],"83":[56,49],"84":[1,1],"85":[2,1],"86":[8,12,38],"87":[6,2],"88":[8,4],"89":[10,2],"90":[2,4,10],"91":[2,10],"92":[10,2],"93":[38,8],"94":[10,2],"95":[2,8],"96":[2,6],"97":[2,4],"98":[8,2],"99":[94,94],"100":[92,64,40],"101":[4,10],"102":[14,10],"103":[52,32,52],"104":[12,4],"105":[1,1],"106":[1,1],"107":[2,1],"108":[2,1],"109":[1,1],"110":[183,49],"111":[1,1],"112":[1,1],"113":[2,1],"114":[181,140],"115":[1,1],"116":[2,1],"117":[51,42],"118":[13,13],"119":[32,6],"120":[32,6],"121":[1,1],"122":[6,2],"123":[1,1],"124":[4,2],"125":[1,1],"126":[26,28,40,16,32],"127":[8,82],"128":[70,70],"129":[140,98],"130":[108,32],"131":[6,42],"132":[50,22],"133":[6,44],"134":[8,40],"135":[7,7],"136":[10,4],"137":[10,4],"138":[2,8],"139":[2,6],"140":[29,29],"141":[40,18],"142":[12,34],"143":[12,12],"144":[24,22],"145":[46,26]},"f":{"1":2,"2":256,"3":28,"4":32,"5":2,"6":2,"7":20,"8":58,"9":46,"10":14,"11":86,"12":130,"13":16,"14":32,"15":22,"16":16,"17":32,"18":104,"19":284,"20":102,"21":200,"22":2,"23":4,"24":2,"25":50,"26":130,"27":108,"28":106,"29":2,"30":46,"31":46,"32":12,"33":28,"34":10,"35":10,"36":82,"37":94,"38":68,"39":140,"40":14,"41":136,"42":16,"43":100,"44":2,"45":151,"46":82,"47":1,"48":70,"49":49,"50":1,"51":94,"52":37,"53":183,"54":68,"55":18,"56":194,"57":224,"58":123,"59":72,"60":72,"61":72,"62":26,"63":16,"64":32,"65":7,"66":7,"67":6,"68":6,"69":2,"70":178,"71":54,"72":98,"73":100,"74":108,"75":32,"76":256,"77":140,"78":48,"79":48,"80":72,"81":14,"82":14,"83":58,"84":46},"fnMap":{"1":{"name":"(anonymous_1)","line":1,"loc":{"start":{"line":1,"column":17},"end":{"line":1,"column":43}}},"2":{"name":"hyperHTML","line":14,"loc":{"start":{"line":14,"column":2},"end":{"line":14,"column":31}}},"3":{"name":"adopt","line":28,"loc":{"start":{"line":28,"column":20},"end":{"line":28,"column":41}}},"4":{"name":"(anonymous_4)","line":29,"loc":{"start":{"line":29,"column":11},"end":{"line":29,"column":23}}},"5":{"name":"define","line":38,"loc":{"start":{"line":38,"column":21},"end":{"line":38,"column":60}}},"6":{"name":"escape","line":43,"loc":{"start":{"line":43,"column":21},"end":{"line":43,"column":43}}},"7":{"name":"hyper","line":48,"loc":{"start":{"line":48,"column":20},"end":{"line":48,"column":41}}},"8":{"name":"wire","line":71,"loc":{"start":{"line":71,"column":2},"end":{"line":71,"column":27}}},"9":{"name":"indexOfDifferences","line":110,"loc":{"start":{"line":110,"column":2},"end":{"line":110,"column":36}}},"10":{"name":"populateNode","line":126,"loc":{"start":{"line":126,"column":2},"end":{"line":126,"column":39}}},"11":{"name":"removeNodeList","line":148,"loc":{"start":{"line":148,"column":2},"end":{"line":148,"column":44}}},"12":{"name":"resetAndPopulate","line":157,"loc":{"start":{"line":157,"column":2},"end":{"line":157,"column":43}}},"13":{"name":"updateViaArray","line":163,"loc":{"start":{"line":163,"column":2},"end":{"line":163,"column":47}}},"14":{"name":"setAttribute","line":183,"loc":{"start":{"line":183,"column":2},"end":{"line":183,"column":53}}},"15":{"name":"eventAttr","line":199,"loc":{"start":{"line":199,"column":6},"end":{"line":199,"column":35}}},"16":{"name":"specialAttr","line":207,"loc":{"start":{"line":207,"column":8},"end":{"line":207,"column":39}}},"17":{"name":"normalAttr","line":227,"loc":{"start":{"line":227,"column":8},"end":{"line":227,"column":38}}},"18":{"name":"setVirtualContent","line":254,"loc":{"start":{"line":254,"column":2},"end":{"line":254,"column":47}}},"19":{"name":"anyVirtual","line":257,"loc":{"start":{"line":257,"column":11},"end":{"line":257,"column":38}}},"20":{"name":"attributesSeeker","line":381,"loc":{"start":{"line":381,"column":2},"end":{"line":381,"column":41}}},"21":{"name":"hyperSeeker","line":406,"loc":{"start":{"line":406,"column":2},"end":{"line":406,"column":36}}},"22":{"name":"(anonymous_22)","line":458,"loc":{"start":{"line":458,"column":13},"end":{"line":458,"column":25}}},"23":{"name":"fnEscape","line":484,"loc":{"start":{"line":484,"column":2},"end":{"line":484,"column":23}}},"24":{"name":"asHTML","line":489,"loc":{"start":{"line":489,"column":2},"end":{"line":489,"column":24}}},"25":{"name":"createContent","line":494,"loc":{"start":{"line":494,"column":2},"end":{"line":494,"column":31}}},"26":{"name":"createDocumentFragment","line":515,"loc":{"start":{"line":515,"column":2},"end":{"line":515,"column":44}}},"27":{"name":"createFragment","line":521,"loc":{"start":{"line":521,"column":2},"end":{"line":521,"column":38}}},"28":{"name":"createHTMLFragment","line":531,"loc":{"start":{"line":531,"column":2},"end":{"line":531,"column":42}}},"29":{"name":"createSVGFragment","line":567,"loc":{"start":{"line":567,"column":2},"end":{"line":567,"column":41}}},"30":{"name":"createText","line":583,"loc":{"start":{"line":583,"column":2},"end":{"line":583,"column":34}}},"31":{"name":"discoverNode","line":589,"loc":{"start":{"line":589,"column":2},"end":{"line":589,"column":63}}},"32":{"name":"insertBefore","line":667,"loc":{"start":{"line":667,"column":2},"end":{"line":667,"column":51}}},"33":{"name":"emptyFragment","line":676,"loc":{"start":{"line":676,"column":2},"end":{"line":676,"column":31}}},"34":{"name":"invokeAtDistance","line":681,"loc":{"start":{"line":681,"column":2},"end":{"line":681,"column":45}}},"35":{"name":"invokeTransformer","line":695,"loc":{"start":{"line":695,"column":2},"end":{"line":695,"column":37}}},"36":{"name":"isNode_ish","line":704,"loc":{"start":{"line":704,"column":2},"end":{"line":704,"column":29}}},"37":{"name":"isPromise_ish","line":709,"loc":{"start":{"line":709,"column":2},"end":{"line":709,"column":32}}},"38":{"name":"noContent","line":715,"loc":{"start":{"line":715,"column":2},"end":{"line":715,"column":38}}},"39":{"name":"removeAttributeList","line":725,"loc":{"start":{"line":725,"column":2},"end":{"line":725,"column":37}}},"40":{"name":"removePreviousText","line":732,"loc":{"start":{"line":732,"column":2},"end":{"line":732,"column":48}}},"41":{"name":"setContent","line":741,"loc":{"start":{"line":741,"column":2},"end":{"line":741,"column":66}}},"42":{"name":"updateVirtualNodes","line":759,"loc":{"start":{"line":759,"column":2},"end":{"line":759,"column":55}}},"43":{"name":"Path","line":773,"loc":{"start":{"line":773,"column":2},"end":{"line":773,"column":28}}},"44":{"name":"(anonymous_44)","line":783,"loc":{"start":{"line":783,"column":6},"end":{"line":783,"column":18}}},"45":{"name":"(anonymous_45)","line":785,"loc":{"start":{"line":785,"column":15},"end":{"line":785,"column":30}}},"46":{"name":"(anonymous_46)","line":786,"loc":{"start":{"line":786,"column":15},"end":{"line":786,"column":37}}},"47":{"name":"(anonymous_47)","line":798,"loc":{"start":{"line":798,"column":6},"end":{"line":798,"column":18}}},"48":{"name":"(anonymous_48)","line":801,"loc":{"start":{"line":801,"column":15},"end":{"line":801,"column":30}}},"49":{"name":"(anonymous_49)","line":807,"loc":{"start":{"line":807,"column":15},"end":{"line":807,"column":37}}},"50":{"name":"(anonymous_50)","line":818,"loc":{"start":{"line":818,"column":17},"end":{"line":818,"column":29}}},"51":{"name":"(anonymous_51)","line":823,"loc":{"start":{"line":823,"column":25},"end":{"line":823,"column":38}}},"52":{"name":"(anonymous_52)","line":830,"loc":{"start":{"line":830,"column":14},"end":{"line":830,"column":26}}},"53":{"name":"(anonymous_53)","line":843,"loc":{"start":{"line":843,"column":13},"end":{"line":843,"column":33}}},"54":{"name":"(anonymous_54)","line":852,"loc":{"start":{"line":852,"column":6},"end":{"line":852,"column":34}}},"55":{"name":"appendNodes","line":855,"loc":{"start":{"line":855,"column":6},"end":{"line":855,"column":45}}},"56":{"name":"bind","line":867,"loc":{"start":{"line":867,"column":19},"end":{"line":867,"column":42}}},"57":{"name":"(anonymous_57)","line":868,"loc":{"start":{"line":868,"column":11},"end":{"line":868,"column":23}}},"58":{"name":"(anonymous_58)","line":875,"loc":{"start":{"line":875,"column":6},"end":{"line":875,"column":22}}},"59":{"name":"(anonymous_59)","line":889,"loc":{"start":{"line":889,"column":6},"end":{"line":889,"column":22}}},"60":{"name":"(anonymous_60)","line":894,"loc":{"start":{"line":894,"column":6},"end":{"line":894,"column":34}}},"61":{"name":"(anonymous_61)","line":908,"loc":{"start":{"line":908,"column":6},"end":{"line":908,"column":34}}},"62":{"name":"(anonymous_62)","line":919,"loc":{"start":{"line":919,"column":17},"end":{"line":919,"column":43}}},"63":{"name":"(anonymous_63)","line":923,"loc":{"start":{"line":923,"column":8},"end":{"line":923,"column":30}}},"64":{"name":"(anonymous_64)","line":931,"loc":{"start":{"line":931,"column":26},"end":{"line":931,"column":48}}},"65":{"name":"(anonymous_65)","line":937,"loc":{"start":{"line":937,"column":4},"end":{"line":937,"column":20}}},"66":{"name":"(anonymous_66)","line":943,"loc":{"start":{"line":943,"column":4},"end":{"line":943,"column":20}}},"67":{"name":"(anonymous_67)","line":946,"loc":{"start":{"line":946,"column":4},"end":{"line":946,"column":20}}},"68":{"name":"(anonymous_68)","line":952,"loc":{"start":{"line":952,"column":4},"end":{"line":952,"column":20}}},"69":{"name":"(anonymous_69)","line":968,"loc":{"start":{"line":968,"column":19},"end":{"line":968,"column":31}}},"70":{"name":"(anonymous_70)","line":972,"loc":{"start":{"line":972,"column":6},"end":{"line":972,"column":22}}},"71":{"name":"(anonymous_71)","line":983,"loc":{"start":{"line":983,"column":6},"end":{"line":983,"column":26}}},"72":{"name":"createTemplate","line":994,"loc":{"start":{"line":994,"column":2},"end":{"line":994,"column":36}}},"73":{"name":"createPath","line":1006,"loc":{"start":{"line":1006,"column":2},"end":{"line":1006,"column":28}}},"74":{"name":"createUpdates","line":1040,"loc":{"start":{"line":1040,"column":2},"end":{"line":1040,"column":42}}},"75":{"name":"discoverUpdates","line":1061,"loc":{"start":{"line":1061,"column":2},"end":{"line":1061,"column":44}}},"76":{"name":"update","line":1083,"loc":{"start":{"line":1083,"column":2},"end":{"line":1083,"column":20}}},"77":{"name":"upgrade","line":1091,"loc":{"start":{"line":1091,"column":2},"end":{"line":1091,"column":29}}},"78":{"name":"wireContent","line":1111,"loc":{"start":{"line":1111,"column":2},"end":{"line":1111,"column":29}}},"79":{"name":"before","line":1114,"loc":{"start":{"line":1114,"column":4},"end":{"line":1114,"column":30}}},"80":{"name":"after","line":1122,"loc":{"start":{"line":1122,"column":4},"end":{"line":1122,"column":21}}},"81":{"name":"adopt","line":1134,"loc":{"start":{"line":1134,"column":6},"end":{"line":1134,"column":30}}},"82":{"name":"(anonymous_82)","line":1140,"loc":{"start":{"line":1140,"column":20},"end":{"line":1140,"column":55}}},"83":{"name":"update","line":1161,"loc":{"start":{"line":1161,"column":6},"end":{"line":1161,"column":31}}},"84":{"name":"wireWeakly","line":1174,"loc":{"start":{"line":1174,"column":2},"end":{"line":1174,"column":33}}}},"statementMap":{"1":{"start":{"line":1,"column":0},"end":{"line":1194,"column":13}},"2":{"start":{"line":11,"column":2},"end":{"line":11,"column":38}},"3":{"start":{"line":14,"column":2},"end":{"line":25,"column":3}},"4":{"start":{"line":15,"column":4},"end":{"line":15,"column":33}},"5":{"start":{"line":16,"column":4},"end":{"line":22,"column":5}},"6":{"start":{"line":20,"column":6},"end":{"line":20,"column":45}},"7":{"start":{"line":21,"column":6},"end":{"line":21,"column":30}},"8":{"start":{"line":23,"column":4},"end":{"line":23,"column":43}},"9":{"start":{"line":24,"column":4},"end":{"line":24,"column":16}},"10":{"start":{"line":28,"column":2},"end":{"line":35,"column":4}},"11":{"start":{"line":29,"column":4},"end":{"line":34,"column":6}},"12":{"start":{"line":30,"column":6},"end":{"line":30,"column":26}},"13":{"start":{"line":31,"column":6},"end":{"line":31,"column":39}},"14":{"start":{"line":32,"column":6},"end":{"line":32,"column":25}},"15":{"start":{"line":33,"column":6},"end":{"line":33,"column":18}},"16":{"start":{"line":38,"column":2},"end":{"line":40,"column":4}},"17":{"start":{"line":39,"column":4},"end":{"line":39,"column":41}},"18":{"start":{"line":43,"column":2},"end":{"line":45,"column":4}},"19":{"start":{"line":44,"column":4},"end":{"line":44,"column":44}},"20":{"start":{"line":48,"column":2},"end":{"line":67,"column":4}},"21":{"start":{"line":49,"column":4},"end":{"line":66,"column":5}},"22":{"start":{"line":51,"column":16},"end":{"line":62,"column":20}},"23":{"start":{"line":63,"column":16},"end":{"line":65,"column":41}},"24":{"start":{"line":70,"column":2},"end":{"line":70,"column":24}},"25":{"start":{"line":71,"column":2},"end":{"line":78,"column":3}},"26":{"start":{"line":72,"column":4},"end":{"line":77,"column":8}},"27":{"start":{"line":89,"column":2},"end":{"line":89,"column":23}},"28":{"start":{"line":90,"column":2},"end":{"line":90,"column":25}},"29":{"start":{"line":91,"column":2},"end":{"line":91,"column":20}},"30":{"start":{"line":92,"column":2},"end":{"line":92,"column":23}},"31":{"start":{"line":93,"column":2},"end":{"line":93,"column":34}},"32":{"start":{"line":96,"column":2},"end":{"line":96,"column":44}},"33":{"start":{"line":97,"column":2},"end":{"line":97,"column":51}},"34":{"start":{"line":99,"column":2},"end":{"line":99,"column":40}},"35":{"start":{"line":100,"column":2},"end":{"line":100,"column":32}},"36":{"start":{"line":101,"column":2},"end":{"line":101,"column":61}},"37":{"start":{"line":102,"column":2},"end":{"line":102,"column":34}},"38":{"start":{"line":110,"column":2},"end":{"line":121,"column":3}},"39":{"start":{"line":111,"column":4},"end":{"line":115,"column":5}},"40":{"start":{"line":116,"column":4},"end":{"line":119,"column":5}},"41":{"start":{"line":117,"column":6},"end":{"line":118,"column":20}},"42":{"start":{"line":117,"column":40},"end":{"line":117,"column":44}},"43":{"start":{"line":118,"column":11},"end":{"line":118,"column":20}},"44":{"start":{"line":120,"column":4},"end":{"line":120,"column":34}},"45":{"start":{"line":126,"column":2},"end":{"line":145,"column":3}},"46":{"start":{"line":127,"column":4},"end":{"line":144,"column":5}},"47":{"start":{"line":129,"column":8},"end":{"line":129,"column":43}},"48":{"start":{"line":130,"column":8},"end":{"line":133,"column":9}},"49":{"start":{"line":131,"column":10},"end":{"line":131,"column":40}},"50":{"start":{"line":132,"column":10},"end":{"line":132,"column":16}},"51":{"start":{"line":134,"column":8},"end":{"line":134,"column":40}},"52":{"start":{"line":135,"column":8},"end":{"line":135,"column":14}},"53":{"start":{"line":137,"column":8},"end":{"line":139,"column":9}},"54":{"start":{"line":138,"column":10},"end":{"line":138,"column":42}},"55":{"start":{"line":140,"column":8},"end":{"line":140,"column":14}},"56":{"start":{"line":142,"column":8},"end":{"line":142,"column":47}},"57":{"start":{"line":143,"column":8},"end":{"line":143,"column":14}},"58":{"start":{"line":148,"column":2},"end":{"line":154,"column":3}},"59":{"start":{"line":149,"column":4},"end":{"line":149,"column":36}},"60":{"start":{"line":150,"column":4},"end":{"line":153,"column":5}},"61":{"start":{"line":151,"column":6},"end":{"line":151,"column":27}},"62":{"start":{"line":152,"column":6},"end":{"line":152,"column":42}},"63":{"start":{"line":157,"column":2},"end":{"line":160,"column":3}},"64":{"start":{"line":158,"column":4},"end":{"line":158,"column":28}},"65":{"start":{"line":159,"column":4},"end":{"line":159,"column":30}},"66":{"start":{"line":163,"column":2},"end":{"line":173,"column":3}},"67":{"start":{"line":164,"column":4},"end":{"line":164,"column":39}},"68":{"start":{"line":165,"column":4},"end":{"line":172,"column":5}},"69":{"start":{"line":166,"column":6},"end":{"line":166,"column":41}},"70":{"start":{"line":167,"column":6},"end":{"line":167,"column":49}},"71":{"start":{"line":168,"column":6},"end":{"line":168,"column":33}},"72":{"start":{"line":170,"column":6},"end":{"line":170,"column":40}},"73":{"start":{"line":171,"column":6},"end":{"line":171,"column":39}},"74":{"start":{"line":183,"column":2},"end":{"line":250,"column":3}},"75":{"start":{"line":184,"column":4},"end":{"line":196,"column":5}},"76":{"start":{"line":197,"column":4},"end":{"line":197,"column":51}},"77":{"start":{"line":197,"column":17},"end":{"line":197,"column":51}},"78":{"start":{"line":198,"column":4},"end":{"line":249,"column":8}},"79":{"start":{"line":200,"column":8},"end":{"line":204,"column":9}},"80":{"start":{"line":201,"column":10},"end":{"line":201,"column":72}},"81":{"start":{"line":201,"column":24},"end":{"line":201,"column":72}},"82":{"start":{"line":202,"column":10},"end":{"line":202,"column":30}},"83":{"start":{"line":203,"column":10},"end":{"line":203,"column":69}},"84":{"start":{"line":203,"column":24},"end":{"line":203,"column":69}},"85":{"start":{"line":208,"column":10},"end":{"line":225,"column":11}},"86":{"start":{"line":209,"column":12},"end":{"line":209,"column":32}},"87":{"start":{"line":212,"column":12},"end":{"line":224,"column":13}},"88":{"start":{"line":216,"column":14},"end":{"line":223,"column":15}},"89":{"start":{"line":219,"column":16},"end":{"line":219,"column":34}},"90":{"start":{"line":220,"column":16},"end":{"line":220,"column":43}},"91":{"start":{"line":222,"column":16},"end":{"line":222,"column":38}},"92":{"start":{"line":228,"column":10},"end":{"line":247,"column":11}},"93":{"start":{"line":229,"column":12},"end":{"line":229,"column":32}},"94":{"start":{"line":232,"column":12},"end":{"line":246,"column":13}},"95":{"start":{"line":233,"column":14},"end":{"line":245,"column":15}},"96":{"start":{"line":234,"column":16},"end":{"line":238,"column":17}},"97":{"start":{"line":236,"column":18},"end":{"line":236,"column":33}},"98":{"start":{"line":237,"column":18},"end":{"line":237,"column":54}},"99":{"start":{"line":240,"column":16},"end":{"line":240,"column":43}},"100":{"start":{"line":241,"column":16},"end":{"line":244,"column":17}},"101":{"start":{"line":242,"column":18},"end":{"line":242,"column":34}},"102":{"start":{"line":243,"column":18},"end":{"line":243,"column":51}},"103":{"start":{"line":254,"column":2},"end":{"line":374,"column":3}},"104":{"start":{"line":255,"column":4},"end":{"line":255,"column":17}},"105":{"start":{"line":256,"column":4},"end":{"line":256,"column":34}},"106":{"start":{"line":257,"column":4},"end":{"line":373,"column":6}},"107":{"start":{"line":258,"column":6},"end":{"line":372,"column":7}},"108":{"start":{"line":262,"column":10},"end":{"line":280,"column":11}},"109":{"start":{"line":263,"column":12},"end":{"line":266,"column":13}},"110":{"start":{"line":264,"column":14},"end":{"line":264,"column":31}},"111":{"start":{"line":265,"column":14},"end":{"line":265,"column":39}},"112":{"start":{"line":267,"column":17},"end":{"line":280,"column":11}},"113":{"start":{"line":271,"column":12},"end":{"line":274,"column":13}},"114":{"start":{"line":272,"column":14},"end":{"line":272,"column":31}},"115":{"start":{"line":273,"column":14},"end":{"line":273,"column":48}},"116":{"start":{"line":276,"column":12},"end":{"line":276,"column":29}},"117":{"start":{"line":277,"column":12},"end":{"line":277,"column":42}},"118":{"start":{"line":278,"column":12},"end":{"line":278,"column":51}},"119":{"start":{"line":279,"column":12},"end":{"line":279,"column":62}},"120":{"start":{"line":281,"column":10},"end":{"line":281,"column":16}},"121":{"start":{"line":283,"column":10},"end":{"line":287,"column":11}},"122":{"start":{"line":284,"column":12},"end":{"line":284,"column":58}},"123":{"start":{"line":286,"column":12},"end":{"line":286,"column":62}},"124":{"start":{"line":288,"column":10},"end":{"line":288,"column":16}},"125":{"start":{"line":291,"column":10},"end":{"line":295,"column":11}},"126":{"start":{"line":292,"column":12},"end":{"line":292,"column":29}},"127":{"start":{"line":293,"column":12},"end":{"line":293,"column":27}},"128":{"start":{"line":294,"column":12},"end":{"line":294,"column":18}},"129":{"start":{"line":297,"column":10},"end":{"line":297,"column":27}},"130":{"start":{"line":298,"column":10},"end":{"line":370,"column":11}},"131":{"start":{"line":299,"column":12},"end":{"line":299,"column":38}},"132":{"start":{"line":300,"column":12},"end":{"line":337,"column":13}},"133":{"start":{"line":301,"column":14},"end":{"line":301,"column":44}},"134":{"start":{"line":302,"column":14},"end":{"line":302,"column":30}},"135":{"start":{"line":304,"column":14},"end":{"line":336,"column":15}},"136":{"start":{"line":308,"column":18},"end":{"line":308,"column":44}},"137":{"start":{"line":309,"column":18},"end":{"line":309,"column":24}},"138":{"start":{"line":311,"column":18},"end":{"line":311,"column":72}},"139":{"start":{"line":312,"column":18},"end":{"line":313,"column":65}},"140":{"start":{"line":314,"column":18},"end":{"line":316,"column":19}},"141":{"start":{"line":315,"column":20},"end":{"line":315,"column":65}},"142":{"start":{"line":317,"column":18},"end":{"line":317,"column":63}},"143":{"start":{"line":317,"column":35},"end":{"line":317,"column":63}},"144":{"start":{"line":318,"column":18},"end":{"line":318,"column":60}},"145":{"start":{"line":319,"column":18},"end":{"line":319,"column":24}},"146":{"start":{"line":321,"column":18},"end":{"line":323,"column":19}},"147":{"start":{"line":322,"column":20},"end":{"line":322,"column":58}},"148":{"start":{"line":324,"column":18},"end":{"line":327,"column":19}},"149":{"start":{"line":325,"column":20},"end":{"line":325,"column":56}},"150":{"start":{"line":326,"column":20},"end":{"line":326,"column":26}},"151":{"start":{"line":329,"column":18},"end":{"line":334,"column":19}},"152":{"start":{"line":330,"column":20},"end":{"line":330,"column":71}},"153":{"start":{"line":331,"column":20},"end":{"line":331,"column":65}},"154":{"start":{"line":331,"column":34},"end":{"line":331,"column":65}},"155":{"start":{"line":333,"column":20},"end":{"line":333,"column":64}},"156":{"start":{"line":335,"column":18},"end":{"line":335,"column":24}},"157":{"start":{"line":338,"column":17},"end":{"line":370,"column":11}},"158":{"start":{"line":339,"column":12},"end":{"line":346,"column":14}},"159":{"start":{"line":339,"column":29},"end":{"line":339,"column":55}},"160":{"start":{"line":340,"column":17},"end":{"line":346,"column":14}},"161":{"start":{"line":347,"column":17},"end":{"line":370,"column":11}},"162":{"start":{"line":348,"column":12},"end":{"line":348,"column":35}},"163":{"start":{"line":349,"column":17},"end":{"line":370,"column":11}},"164":{"start":{"line":350,"column":12},"end":{"line":350,"column":48}},"165":{"start":{"line":351,"column":17},"end":{"line":370,"column":11}},"166":{"start":{"line":352,"column":12},"end":{"line":352,"column":43}},"167":{"start":{"line":353,"column":17},"end":{"line":370,"column":11}},"168":{"start":{"line":354,"column":12},"end":{"line":354,"column":34}},"169":{"start":{"line":355,"column":17},"end":{"line":370,"column":11}},"170":{"start":{"line":356,"column":12},"end":{"line":356,"column":54}},"171":{"start":{"line":359,"column":12},"end":{"line":365,"column":13}},"172":{"start":{"line":359,"column":29},"end":{"line":359,"column":51}},"173":{"start":{"line":361,"column":14},"end":{"line":361,"column":44}},"174":{"start":{"line":362,"column":14},"end":{"line":362,"column":56}},"175":{"start":{"line":363,"column":14},"end":{"line":363,"column":59}},"176":{"start":{"line":364,"column":14},"end":{"line":364,"column":59}},"177":{"start":{"line":366,"column":17},"end":{"line":370,"column":11}},"178":{"start":{"line":367,"column":12},"end":{"line":367,"column":42}},"179":{"start":{"line":369,"column":12},"end":{"line":369,"column":49}},"180":{"start":{"line":371,"column":10},"end":{"line":371,"column":16}},"181":{"start":{"line":381,"column":2},"end":{"line":403,"column":3}},"182":{"start":{"line":382,"column":4},"end":{"line":402,"column":5}},"183":{"start":{"line":389,"column":6},"end":{"line":389,"column":32}},"184":{"start":{"line":390,"column":6},"end":{"line":401,"column":7}},"185":{"start":{"line":391,"column":8},"end":{"line":400,"column":10}},"186":{"start":{"line":406,"column":2},"end":{"line":442,"column":3}},"187":{"start":{"line":407,"column":4},"end":{"line":441,"column":5}},"188":{"start":{"line":413,"column":6},"end":{"line":413,"column":28}},"189":{"start":{"line":414,"column":6},"end":{"line":440,"column":7}},"190":{"start":{"line":416,"column":10},"end":{"line":416,"column":41}},"191":{"start":{"line":417,"column":10},"end":{"line":417,"column":36}},"192":{"start":{"line":418,"column":10},"end":{"line":418,"column":16}},"193":{"start":{"line":420,"column":10},"end":{"line":430,"column":11}},"194":{"start":{"line":421,"column":12},"end":{"line":429,"column":13}},"195":{"start":{"line":425,"column":14},"end":{"line":425,"column":44}},"196":{"start":{"line":426,"column":14},"end":{"line":426,"column":25}},"197":{"start":{"line":428,"column":14},"end":{"line":428,"column":49}},"198":{"start":{"line":431,"column":10},"end":{"line":431,"column":16}},"199":{"start":{"line":433,"column":10},"end":{"line":438,"column":11}},"200":{"start":{"line":437,"column":12},"end":{"line":437,"column":42}},"201":{"start":{"line":439,"column":10},"end":{"line":439,"column":16}},"202":{"start":{"line":447,"column":2},"end":{"line":447,"column":63}},"203":{"start":{"line":452,"column":2},"end":{"line":454,"column":39}},"204":{"start":{"line":458,"column":2},"end":{"line":462,"column":17}},"205":{"start":{"line":459,"column":14},"end":{"line":459,"column":57}},"206":{"start":{"line":460,"column":14},"end":{"line":460,"column":57}},"207":{"start":{"line":461,"column":14},"end":{"line":461,"column":68}},"208":{"start":{"line":466,"column":2},"end":{"line":466,"column":44}},"209":{"start":{"line":473,"column":2},"end":{"line":473,"column":23}},"210":{"start":{"line":476,"column":2},"end":{"line":476,"column":28}},"211":{"start":{"line":477,"column":2},"end":{"line":483,"column":4}},"212":{"start":{"line":484,"column":2},"end":{"line":486,"column":3}},"213":{"start":{"line":485,"column":4},"end":{"line":485,"column":22}},"214":{"start":{"line":489,"column":2},"end":{"line":491,"column":3}},"215":{"start":{"line":490,"column":4},"end":{"line":490,"column":24}},"216":{"start":{"line":494,"column":2},"end":{"line":512,"column":3}},"217":{"start":{"line":495,"column":4},"end":{"line":510,"column":5}},"218":{"start":{"line":503,"column":6},"end":{"line":503,"column":28}},"219":{"start":{"line":504,"column":6},"end":{"line":509,"column":7}},"220":{"start":{"line":508,"column":8},"end":{"line":508,"column":28}},"221":{"start":{"line":511,"column":4},"end":{"line":511,"column":55}},"222":{"start":{"line":515,"column":2},"end":{"line":517,"column":3}},"223":{"start":{"line":516,"column":4},"end":{"line":516,"column":45}},"224":{"start":{"line":521,"column":2},"end":{"line":528,"column":3}},"225":{"start":{"line":522,"column":4},"end":{"line":522,"column":22}},"226":{"start":{"line":523,"column":4},"end":{"line":527,"column":40}},"227":{"start":{"line":531,"column":2},"end":{"line":564,"column":3}},"228":{"start":{"line":532,"column":4},"end":{"line":532,"column":17}},"229":{"start":{"line":533,"column":4},"end":{"line":533,"column":38}},"230":{"start":{"line":534,"column":4},"end":{"line":534,"column":55}},"231":{"start":{"line":535,"column":4},"end":{"line":535,"column":44}},"232":{"start":{"line":536,"column":4},"end":{"line":536,"column":31}},"233":{"start":{"line":537,"column":4},"end":{"line":547,"column":5}},"234":{"start":{"line":539,"column":6},"end":{"line":539,"column":50}},"235":{"start":{"line":546,"column":6},"end":{"line":546,"column":74}},"236":{"start":{"line":548,"column":4},"end":{"line":562,"column":5}},"237":{"start":{"line":552,"column":6},"end":{"line":552,"column":31}},"238":{"start":{"line":553,"column":6},"end":{"line":553,"column":58}},"239":{"start":{"line":554,"column":6},"end":{"line":554,"column":78}},"240":{"start":{"line":556,"column":6},"end":{"line":556,"column":33}},"241":{"start":{"line":557,"column":6},"end":{"line":561,"column":7}},"242":{"start":{"line":558,"column":8},"end":{"line":558,"column":37}},"243":{"start":{"line":560,"column":8},"end":{"line":560,"column":64}},"244":{"start":{"line":563,"column":4},"end":{"line":563,"column":20}},"245":{"start":{"line":567,"column":2},"end":{"line":580,"column":3}},"246":{"start":{"line":568,"column":4},"end":{"line":568,"column":38}},"247":{"start":{"line":569,"column":4},"end":{"line":569,"column":52}},"248":{"start":{"line":570,"column":4},"end":{"line":578,"column":5}},"249":{"start":{"line":571,"column":6},"end":{"line":571,"column":52}},"250":{"start":{"line":572,"column":6},"end":{"line":572,"column":84}},"251":{"start":{"line":573,"column":6},"end":{"line":573,"column":73}},"252":{"start":{"line":575,"column":6},"end":{"line":575,"column":69}},"253":{"start":{"line":576,"column":6},"end":{"line":576,"column":33}},"254":{"start":{"line":577,"column":6},"end":{"line":577,"column":62}},"255":{"start":{"line":579,"column":4},"end":{"line":579,"column":20}},"256":{"start":{"line":583,"column":2},"end":{"line":585,"column":3}},"257":{"start":{"line":584,"column":4},"end":{"line":584,"column":51}},"258":{"start":{"line":589,"column":2},"end":{"line":665,"column":3}},"259":{"start":{"line":590,"column":4},"end":{"line":663,"column":5}},"260":{"start":{"line":599,"column":6},"end":{"line":662,"column":7}},"261":{"start":{"line":601,"column":10},"end":{"line":601,"column":38}},"262":{"start":{"line":602,"column":10},"end":{"line":604,"column":11}},"263":{"start":{"line":603,"column":12},"end":{"line":603,"column":46}},"264":{"start":{"line":605,"column":10},"end":{"line":605,"column":47}},"265":{"start":{"line":606,"column":10},"end":{"line":606,"column":16}},"266":{"start":{"line":608,"column":10},"end":{"line":608,"column":49}},"267":{"start":{"line":609,"column":10},"end":{"line":609,"column":68}},"268":{"start":{"line":610,"column":10},"end":{"line":610,"column":55}},"269":{"start":{"line":611,"column":10},"end":{"line":611,"column":86}},"270":{"start":{"line":612,"column":10},"end":{"line":612,"column":51}},"271":{"start":{"line":613,"column":10},"end":{"line":613,"column":79}},"272":{"start":{"line":614,"column":10},"end":{"line":614,"column":47}},"273":{"start":{"line":615,"column":10},"end":{"line":630,"column":11}},"274":{"start":{"line":621,"column":14},"end":{"line":621,"column":38}},"275":{"start":{"line":622,"column":14},"end":{"line":622,"column":20}},"276":{"start":{"line":625,"column":14},"end":{"line":625,"column":25}},"277":{"start":{"line":628,"column":14},"end":{"line":628,"column":56}},"278":{"start":{"line":629,"column":14},"end":{"line":629,"column":20}},"279":{"start":{"line":631,"column":10},"end":{"line":634,"column":12}},"280":{"start":{"line":635,"column":10},"end":{"line":647,"column":11}},"281":{"start":{"line":636,"column":12},"end":{"line":640,"column":14}},"282":{"start":{"line":642,"column":12},"end":{"line":646,"column":14}},"283":{"start":{"line":648,"column":10},"end":{"line":650,"column":11}},"284":{"start":{"line":649,"column":12},"end":{"line":649,"column":51}},"285":{"start":{"line":651,"column":10},"end":{"line":651,"column":16}},"286":{"start":{"line":654,"column":10},"end":{"line":659,"column":22}},"287":{"start":{"line":660,"column":10},"end":{"line":660,"column":30}},"288":{"start":{"line":661,"column":10},"end":{"line":661,"column":16}},"289":{"start":{"line":664,"column":4},"end":{"line":664,"column":18}},"290":{"start":{"line":667,"column":2},"end":{"line":673,"column":3}},"291":{"start":{"line":668,"column":4},"end":{"line":672,"column":5}},"292":{"start":{"line":669,"column":6},"end":{"line":669,"column":45}},"293":{"start":{"line":671,"column":6},"end":{"line":671,"column":37}},"294":{"start":{"line":676,"column":2},"end":{"line":678,"column":3}},"295":{"start":{"line":677,"column":4},"end":{"line":677,"column":54}},"296":{"start":{"line":681,"column":2},"end":{"line":692,"column":3}},"297":{"start":{"line":682,"column":4},"end":{"line":682,"column":32}},"298":{"start":{"line":683,"column":4},"end":{"line":691,"column":5}},"299":{"start":{"line":684,"column":6},"end":{"line":684,"column":62}},"300":{"start":{"line":685,"column":11},"end":{"line":691,"column":5}},"301":{"start":{"line":686,"column":6},"end":{"line":686,"column":48}},"302":{"start":{"line":687,"column":11},"end":{"line":691,"column":5}},"303":{"start":{"line":688,"column":6},"end":{"line":688,"column":62}},"304":{"start":{"line":690,"column":6},"end":{"line":690,"column":63}},"305":{"start":{"line":695,"column":2},"end":{"line":701,"column":3}},"306":{"start":{"line":696,"column":4},"end":{"line":700,"column":5}},"307":{"start":{"line":697,"column":6},"end":{"line":699,"column":7}},"308":{"start":{"line":698,"column":8},"end":{"line":698,"column":46}},"309":{"start":{"line":704,"column":2},"end":{"line":706,"column":3}},"310":{"start":{"line":705,"column":4},"end":{"line":705,"column":35}},"311":{"start":{"line":709,"column":2},"end":{"line":711,"column":3}},"312":{"start":{"line":710,"column":4},"end":{"line":710,"column":44}},"313":{"start":{"line":715,"column":2},"end":{"line":722,"column":3}},"314":{"start":{"line":716,"column":4},"end":{"line":720,"column":6}},"315":{"start":{"line":721,"column":4},"end":{"line":721,"column":24}},"316":{"start":{"line":725,"column":2},"end":{"line":729,"column":3}},"317":{"start":{"line":726,"column":4},"end":{"line":728,"column":5}},"318":{"start":{"line":727,"column":6},"end":{"line":727,"column":41}},"319":{"start":{"line":732,"column":2},"end":{"line":738,"column":3}},"320":{"start":{"line":733,"column":4},"end":{"line":733,"column":47}},"321":{"start":{"line":734,"column":4},"end":{"line":737,"column":5}},"322":{"start":{"line":735,"column":6},"end":{"line":735,"column":46}},"323":{"start":{"line":736,"column":6},"end":{"line":736,"column":43}},"324":{"start":{"line":741,"column":2},"end":{"line":755,"column":3}},"325":{"start":{"line":742,"column":4},"end":{"line":742,"column":15}},"326":{"start":{"line":743,"column":4},"end":{"line":753,"column":5}},"327":{"start":{"line":745,"column":8},"end":{"line":745,"column":49}},"328":{"start":{"line":746,"column":8},"end":{"line":746,"column":14}},"329":{"start":{"line":748,"column":8},"end":{"line":748,"column":56}},"330":{"start":{"line":749,"column":8},"end":{"line":749,"column":14}},"331":{"start":{"line":751,"column":8},"end":{"line":751,"column":55}},"332":{"start":{"line":752,"column":8},"end":{"line":752,"column":14}},"333":{"start":{"line":754,"column":4},"end":{"line":754,"column":18}},"334":{"start":{"line":759,"column":2},"end":{"line":770,"column":3}},"335":{"start":{"line":760,"column":4},"end":{"line":760,"column":50}},"336":{"start":{"line":761,"column":4},"end":{"line":769,"column":5}},"337":{"start":{"line":762,"column":6},"end":{"line":762,"column":41}},"338":{"start":{"line":763,"column":6},"end":{"line":763,"column":36}},"339":{"start":{"line":764,"column":6},"end":{"line":764,"column":27}},"340":{"start":{"line":765,"column":6},"end":{"line":765,"column":29}},"341":{"start":{"line":766,"column":6},"end":{"line":766,"column":35}},"342":{"start":{"line":767,"column":6},"end":{"line":767,"column":51}},"343":{"start":{"line":768,"column":6},"end":{"line":768,"column":47}},"344":{"start":{"line":773,"column":2},"end":{"line":775,"column":3}},"345":{"start":{"line":774,"column":4},"end":{"line":774,"column":48}},"346":{"start":{"line":782,"column":2},"end":{"line":794,"column":14}},"347":{"start":{"line":784,"column":8},"end":{"line":792,"column":10}},"348":{"start":{"line":785,"column":32},"end":{"line":785,"column":52}},"349":{"start":{"line":787,"column":12},"end":{"line":790,"column":15}},"350":{"start":{"line":797,"column":2},"end":{"line":812,"column":10}},"351":{"start":{"line":799,"column":8},"end":{"line":799,"column":27}},"352":{"start":{"line":800,"column":8},"end":{"line":810,"column":10}},"353":{"start":{"line":802,"column":12},"end":{"line":802,"column":37}},"354":{"start":{"line":808,"column":12},"end":{"line":808,"column":39}},"355":{"start":{"line":817,"column":2},"end":{"line":826,"column":21}},"356":{"start":{"line":819,"column":18},"end":{"line":819,"column":45}},"357":{"start":{"line":822,"column":18},"end":{"line":822,"column":44}},"358":{"start":{"line":823,"column":18},"end":{"line":825,"column":20}},"359":{"start":{"line":824,"column":20},"end":{"line":824,"column":50}},"360":{"start":{"line":829,"column":2},"end":{"line":830,"column":69}},"361":{"start":{"line":830,"column":28},"end":{"line":830,"column":66}},"362":{"start":{"line":837,"column":2},"end":{"line":837,"column":24}},"363":{"start":{"line":840,"column":2},"end":{"line":840,"column":30}},"364":{"start":{"line":841,"column":2},"end":{"line":848,"column":3}},"365":{"start":{"line":842,"column":4},"end":{"line":842,"column":25}},"366":{"start":{"line":843,"column":4},"end":{"line":847,"column":6}},"367":{"start":{"line":844,"column":6},"end":{"line":844,"column":42}},"368":{"start":{"line":845,"column":6},"end":{"line":846,"column":46}},"369":{"start":{"line":851,"column":2},"end":{"line":863,"column":8}},"370":{"start":{"line":853,"column":8},"end":{"line":853,"column":44}},"371":{"start":{"line":856,"column":8},"end":{"line":862,"column":9}},"372":{"start":{"line":861,"column":10},"end":{"line":861,"column":42}},"373":{"start":{"line":867,"column":2},"end":{"line":871,"column":4}},"374":{"start":{"line":868,"column":4},"end":{"line":870,"column":6}},"375":{"start":{"line":869,"column":6},"end":{"line":869,"column":49}},"376":{"start":{"line":874,"column":2},"end":{"line":889,"column":48}},"377":{"start":{"line":876,"column":8},"end":{"line":886,"column":9}},"378":{"start":{"line":883,"column":10},"end":{"line":883,"column":32}},"379":{"start":{"line":884,"column":10},"end":{"line":885,"column":34}},"380":{"start":{"line":885,"column":12},"end":{"line":885,"column":34}},"381":{"start":{"line":887,"column":8},"end":{"line":887,"column":24}},"382":{"start":{"line":889,"column":24},"end":{"line":889,"column":45}},"383":{"start":{"line":893,"column":2},"end":{"line":913,"column":8}},"384":{"start":{"line":895,"column":8},"end":{"line":905,"column":9}},"385":{"start":{"line":896,"column":10},"end":{"line":896,"column":27}},"386":{"start":{"line":897,"column":10},"end":{"line":904,"column":11}},"387":{"start":{"line":899,"column":14},"end":{"line":899,"column":60}},"388":{"start":{"line":900,"column":14},"end":{"line":900,"column":20}},"389":{"start":{"line":902,"column":14},"end":{"line":902,"column":53}},"390":{"start":{"line":903,"column":14},"end":{"line":903,"column":20}},"391":{"start":{"line":906,"column":8},"end":{"line":906,"column":26}},"392":{"start":{"line":909,"column":8},"end":{"line":911,"column":9}},"393":{"start":{"line":910,"column":10},"end":{"line":910,"column":54}},"394":{"start":{"line":912,"column":8},"end":{"line":912,"column":26}},"395":{"start":{"line":916,"column":2},"end":{"line":916,"column":19}},"396":{"start":{"line":917,"column":2},"end":{"line":917,"column":105}},"397":{"start":{"line":918,"column":2},"end":{"line":918,"column":94}},"398":{"start":{"line":919,"column":2},"end":{"line":929,"column":4}},"399":{"start":{"line":920,"column":4},"end":{"line":928,"column":11}},"400":{"start":{"line":924,"column":10},"end":{"line":924,"column":45}},"401":{"start":{"line":925,"column":10},"end":{"line":925,"column":47}},"402":{"start":{"line":931,"column":2},"end":{"line":933,"column":4}},"403":{"start":{"line":932,"column":4},"end":{"line":932,"column":48}},"404":{"start":{"line":936,"column":2},"end":{"line":943,"column":56}},"405":{"start":{"line":938,"column":6},"end":{"line":940,"column":7}},"406":{"start":{"line":939,"column":8},"end":{"line":939,"column":56}},"407":{"start":{"line":939,"column":44},"end":{"line":939,"column":56}},"408":{"start":{"line":941,"column":6},"end":{"line":941,"column":23}},"409":{"start":{"line":943,"column":22},"end":{"line":943,"column":53}},"410":{"start":{"line":945,"column":2},"end":{"line":952,"column":60}},"411":{"start":{"line":947,"column":6},"end":{"line":949,"column":7}},"412":{"start":{"line":948,"column":8},"end":{"line":948,"column":56}},"413":{"start":{"line":948,"column":44},"end":{"line":948,"column":56}},"414":{"start":{"line":950,"column":6},"end":{"line":950,"column":23}},"415":{"start":{"line":952,"column":22},"end":{"line":952,"column":57}},"416":{"start":{"line":955,"column":2},"end":{"line":955,"column":28}},"417":{"start":{"line":958,"column":2},"end":{"line":958,"column":27}},"418":{"start":{"line":961,"column":2},"end":{"line":961,"column":27}},"419":{"start":{"line":964,"column":2},"end":{"line":964,"column":25}},"420":{"start":{"line":968,"column":2},"end":{"line":986,"column":7}},"421":{"start":{"line":969,"column":4},"end":{"line":969,"column":66}},"422":{"start":{"line":970,"column":4},"end":{"line":970,"column":65}},"423":{"start":{"line":971,"column":4},"end":{"line":985,"column":8}},"424":{"start":{"line":973,"column":8},"end":{"line":980,"column":9}},"425":{"start":{"line":979,"column":10},"end":{"line":979,"column":54}},"426":{"start":{"line":981,"column":8},"end":{"line":981,"column":21}},"427":{"start":{"line":984,"column":8},"end":{"line":984,"column":40}},"428":{"start":{"line":994,"column":2},"end":{"line":1001,"column":3}},"429":{"start":{"line":995,"column":4},"end":{"line":995,"column":19}},"430":{"start":{"line":996,"column":4},"end":{"line":996,"column":61}},"431":{"start":{"line":997,"column":4},"end":{"line":997,"column":50}},"432":{"start":{"line":998,"column":4},"end":{"line":998,"column":33}},"433":{"start":{"line":999,"column":4},"end":{"line":999,"column":34}},"434":{"start":{"line":1000,"column":4},"end":{"line":1000,"column":16}},"435":{"start":{"line":1006,"column":2},"end":{"line":1035,"column":3}},"436":{"start":{"line":1007,"column":4},"end":{"line":1007,"column":18}},"437":{"start":{"line":1008,"column":4},"end":{"line":1008,"column":19}},"438":{"start":{"line":1009,"column":4},"end":{"line":1026,"column":5}},"439":{"start":{"line":1012,"column":8},"end":{"line":1012,"column":26}},"440":{"start":{"line":1013,"column":8},"end":{"line":1013,"column":14}},"441":{"start":{"line":1015,"column":8},"end":{"line":1015,"column":37}},"442":{"start":{"line":1016,"column":8},"end":{"line":1019,"column":10}},"443":{"start":{"line":1020,"column":8},"end":{"line":1020,"column":14}},"444":{"start":{"line":1023,"column":8},"end":{"line":1023,"column":39}},"445":{"start":{"line":1024,"column":8},"end":{"line":1024,"column":46}},"446":{"start":{"line":1025,"column":8},"end":{"line":1025,"column":14}},"447":{"start":{"line":1027,"column":4},"end":{"line":1033,"column":5}},"448":{"start":{"line":1032,"column":6},"end":{"line":1032,"column":81}},"449":{"start":{"line":1034,"column":4},"end":{"line":1034,"column":16}},"450":{"start":{"line":1040,"column":2},"end":{"line":1058,"column":3}},"451":{"start":{"line":1041,"column":4},"end":{"line":1055,"column":5}},"452":{"start":{"line":1048,"column":6},"end":{"line":1048,"column":22}},"453":{"start":{"line":1049,"column":6},"end":{"line":1049,"column":44}},"454":{"start":{"line":1050,"column":6},"end":{"line":1053,"column":7}},"455":{"start":{"line":1051,"column":8},"end":{"line":1051,"column":45}},"456":{"start":{"line":1052,"column":8},"end":{"line":1052,"column":22}},"457":{"start":{"line":1054,"column":6},"end":{"line":1054,"column":71}},"458":{"start":{"line":1056,"column":4},"end":{"line":1056,"column":42}},"459":{"start":{"line":1057,"column":4},"end":{"line":1057,"column":19}},"460":{"start":{"line":1061,"column":2},"end":{"line":1080,"column":3}},"461":{"start":{"line":1062,"column":4},"end":{"line":1077,"column":5}},"462":{"start":{"line":1069,"column":6},"end":{"line":1069,"column":22}},"463":{"start":{"line":1070,"column":6},"end":{"line":1070,"column":22}},"464":{"start":{"line":1071,"column":6},"end":{"line":1076,"column":8}},"465":{"start":{"line":1078,"column":4},"end":{"line":1078,"column":42}},"466":{"start":{"line":1079,"column":4},"end":{"line":1079,"column":19}},"467":{"start":{"line":1083,"column":2},"end":{"line":1087,"column":3}},"468":{"start":{"line":1084,"column":4},"end":{"line":1086,"column":5}},"469":{"start":{"line":1085,"column":6},"end":{"line":1085,"column":32}},"470":{"start":{"line":1091,"column":2},"end":{"line":1104,"column":3}},"471":{"start":{"line":1092,"column":4},"end":{"line":1092,"column":40}},"472":{"start":{"line":1092,"column":12},"end":{"line":1092,"column":40}},"473":{"start":{"line":1093,"column":4},"end":{"line":1093,"column":16}},"474":{"start":{"line":1094,"column":4},"end":{"line":1095,"column":52}},"475":{"start":{"line":1096,"column":4},"end":{"line":1102,"column":5}},"476":{"start":{"line":1097,"column":6},"end":{"line":1097,"column":46}},"477":{"start":{"line":1098,"column":6},"end":{"line":1098,"column":63}},"478":{"start":{"line":1099,"column":6},"end":{"line":1099,"column":39}},"479":{"start":{"line":1101,"column":6},"end":{"line":1101,"column":70}},"480":{"start":{"line":1103,"column":4},"end":{"line":1103,"column":50}},"481":{"start":{"line":1111,"column":2},"end":{"line":1171,"column":3}},"482":{"start":{"line":1112,"column":4},"end":{"line":1112,"column":71}},"483":{"start":{"line":1114,"column":4},"end":{"line":1120,"column":5}},"484":{"start":{"line":1115,"column":6},"end":{"line":1115,"column":50}},"485":{"start":{"line":1116,"column":6},"end":{"line":1118,"column":17}},"486":{"start":{"line":1119,"column":6},"end":{"line":1119,"column":41}},"487":{"start":{"line":1122,"column":4},"end":{"line":1131,"column":5}},"488":{"start":{"line":1123,"column":6},"end":{"line":1129,"column":7}},"489":{"start":{"line":1124,"column":8},"end":{"line":1124,"column":22}},"490":{"start":{"line":1125,"column":8},"end":{"line":1127,"column":9}},"491":{"start":{"line":1126,"column":10},"end":{"line":1126,"column":66}},"492":{"start":{"line":1128,"column":8},"end":{"line":1128,"column":42}},"493":{"start":{"line":1130,"column":6},"end":{"line":1130,"column":21}},"494":{"start":{"line":1133,"column":4},"end":{"line":1170,"column":8}},"495":{"start":{"line":1135,"column":8},"end":{"line":1135,"column":29}},"496":{"start":{"line":1136,"column":8},"end":{"line":1136,"column":42}},"497":{"start":{"line":1136,"column":16},"end":{"line":1136,"column":42}},"498":{"start":{"line":1137,"column":8},"end":{"line":1158,"column":9}},"499":{"start":{"line":1138,"column":10},"end":{"line":1138,"column":23}},"500":{"start":{"line":1139,"column":10},"end":{"line":1139,"column":29}},"501":{"start":{"line":1140,"column":10},"end":{"line":1157,"column":12}},"502":{"start":{"line":1141,"column":12},"end":{"line":1154,"column":13}},"503":{"start":{"line":1142,"column":14},"end":{"line":1153,"column":15}},"504":{"start":{"line":1143,"column":16},"end":{"line":1143,"column":40}},"505":{"start":{"line":1144,"column":16},"end":{"line":1148,"column":18}},"506":{"start":{"line":1149,"column":16},"end":{"line":1149,"column":51}},"507":{"start":{"line":1151,"column":16},"end":{"line":1151,"column":66}},"508":{"start":{"line":1151,"column":53},"end":{"line":1151,"column":66}},"509":{"start":{"line":1152,"column":16},"end":{"line":1152,"column":49}},"510":{"start":{"line":1155,"column":12},"end":{"line":1155,"column":37}},"511":{"start":{"line":1156,"column":12},"end":{"line":1156,"column":27}},"512":{"start":{"line":1159,"column":8},"end":{"line":1159,"column":23}},"513":{"start":{"line":1162,"column":8},"end":{"line":1162,"column":42}},"514":{"start":{"line":1162,"column":16},"end":{"line":1162,"column":42}},"515":{"start":{"line":1163,"column":8},"end":{"line":1167,"column":9}},"516":{"start":{"line":1164,"column":10},"end":{"line":1164,"column":23}},"517":{"start":{"line":1165,"column":10},"end":{"line":1165,"column":29}},"518":{"start":{"line":1166,"column":10},"end":{"line":1166,"column":37}},"519":{"start":{"line":1168,"column":8},"end":{"line":1168,"column":38}},"520":{"start":{"line":1169,"column":8},"end":{"line":1169,"column":23}},"521":{"start":{"line":1174,"column":2},"end":{"line":1187,"column":3}},"522":{"start":{"line":1175,"column":4},"end":{"line":1175,"column":30}},"523":{"start":{"line":1176,"column":4},"end":{"line":1176,"column":30}},"524":{"start":{"line":1177,"column":4},"end":{"line":1177,"column":18}},"525":{"start":{"line":1178,"column":4},"end":{"line":1181,"column":5}},"526":{"start":{"line":1179,"column":6},"end":{"line":1179,"column":29}},"527":{"start":{"line":1180,"column":6},"end":{"line":1180,"column":40}},"528":{"start":{"line":1182,"column":4},"end":{"line":1185,"column":5}},"529":{"start":{"line":1183,"column":6},"end":{"line":1183,"column":16}},"530":{"start":{"line":1184,"column":6},"end":{"line":1184,"column":27}},"531":{"start":{"line":1186,"column":4},"end":{"line":1186,"column":54}},"532":{"start":{"line":1192,"column":2},"end":{"line":1192,"column":19}},"533":{"start":{"line":1197,"column":0},"end":{"line":1197,"column":49}},"534":{"start":{"line":1197,"column":6},"end":{"line":1197,"column":33}}},"branchMap":{"1":{"line":16,"type":"if","locations":[{"start":{"line":16,"column":4},"end":{"line":16,"column":4}},{"start":{"line":16,"column":4},"end":{"line":16,"column":4}}]},"2":{"line":17,"type":"binary-expr","locations":[{"start":{"line":17,"column":6},"end":{"line":17,"column":12}},{"start":{"line":18,"column":6},"end":{"line":18,"column":59}}]},"3":{"line":18,"type":"cond-expr","locations":[{"start":{"line":18,"column":31},"end":{"line":18,"column":47}},{"start":{"line":18,"column":50},"end":{"line":18,"column":58}}]},"4":{"line":49,"type":"switch","locations":[{"start":{"line":50,"column":6},"end":{"line":50,"column":13}},{"start":{"line":51,"column":6},"end":{"line":62,"column":20}},{"start":{"line":63,"column":6},"end":{"line":65,"column":41}}]},"5":{"line":51,"type":"cond-expr","locations":[{"start":{"line":52,"column":18},"end":{"line":52,"column":37}},{"start":{"line":53,"column":19},"end":{"line":61,"column":21}}]},"6":{"line":53,"type":"cond-expr","locations":[{"start":{"line":54,"column":20},"end":{"line":54,"column":36}},{"start":{"line":55,"column":21},"end":{"line":60,"column":23}}]},"7":{"line":55,"type":"cond-expr","locations":[{"start":{"line":56,"column":22},"end":{"line":56,"column":47}},{"start":{"line":57,"column":23},"end":{"line":59,"column":48}}]},"8":{"line":57,"type":"cond-expr","locations":[{"start":{"line":58,"column":24},"end":{"line":58,"column":44}},{"start":{"line":59,"column":24},"end":{"line":59,"column":48}}]},"9":{"line":63,"type":"cond-expr","locations":[{"start":{"line":64,"column":18},"end":{"line":64,"column":37}},{"start":{"line":64,"column":40},"end":{"line":64,"column":44}}]},"10":{"line":72,"type":"cond-expr","locations":[{"start":{"line":73,"column":6},"end":{"line":73,"column":25}},{"start":{"line":74,"column":7},"end":{"line":76,"column":39}}]},"11":{"line":74,"type":"cond-expr","locations":[{"start":{"line":75,"column":8},"end":{"line":75,"column":35}},{"start":{"line":76,"column":8},"end":{"line":76,"column":39}}]},"12":{"line":75,"type":"binary-expr","locations":[{"start":{"line":75,"column":20},"end":{"line":75,"column":24}},{"start":{"line":75,"column":28},"end":{"line":75,"column":34}}]},"13":{"line":76,"type":"binary-expr","locations":[{"start":{"line":76,"column":24},"end":{"line":76,"column":28}},{"start":{"line":76,"column":32},"end":{"line":76,"column":38}}]},"14":{"line":117,"type":"if","locations":[{"start":{"line":117,"column":6},"end":{"line":117,"column":6}},{"start":{"line":117,"column":6},"end":{"line":117,"column":6}}]},"15":{"line":117,"type":"binary-expr","locations":[{"start":{"line":117,"column":10},"end":{"line":117,"column":21}},{"start":{"line":117,"column":25},"end":{"line":117,"column":38}}]},"16":{"line":120,"type":"cond-expr","locations":[{"start":{"line":120,"column":27},"end":{"line":120,"column":29}},{"start":{"line":120,"column":32},"end":{"line":120,"column":33}}]},"17":{"line":127,"type":"switch","locations":[{"start":{"line":128,"column":6},"end":{"line":135,"column":14}},{"start":{"line":136,"column":6},"end":{"line":140,"column":14}},{"start":{"line":141,"column":6},"end":{"line":143,"column":14}}]},"18":{"line":130,"type":"if","locations":[{"start":{"line":130,"column":8},"end":{"line":130,"column":8}},{"start":{"line":130,"column":8},"end":{"line":130,"column":8}}]},"19":{"line":137,"type":"if","locations":[{"start":{"line":137,"column":8},"end":{"line":137,"column":8}},{"start":{"line":137,"column":8},"end":{"line":137,"column":8}}]},"20":{"line":165,"type":"if","locations":[{"start":{"line":165,"column":4},"end":{"line":165,"column":4}},{"start":{"line":165,"column":4},"end":{"line":165,"column":4}}]},"21":{"line":188,"type":"binary-expr","locations":[{"start":{"line":188,"column":18},"end":{"line":188,"column":30}},{"start":{"line":188,"column":34},"end":{"line":192,"column":19}}]},"22":{"line":190,"type":"binary-expr","locations":[{"start":{"line":190,"column":20},"end":{"line":190,"column":45}},{"start":{"line":191,"column":20},"end":{"line":191,"column":51}}]},"23":{"line":193,"type":"cond-expr","locations":[{"start":{"line":193,"column":23},"end":{"line":193,"column":36}},{"start":{"line":193,"column":39},"end":{"line":193,"column":41}}]},"24":{"line":194,"type":"binary-expr","locations":[{"start":{"line":194,"column":16},"end":{"line":194,"column":23}},{"start":{"line":194,"column":27},"end":{"line":194,"column":36}}]},"25":{"line":197,"type":"if","locations":[{"start":{"line":197,"column":4},"end":{"line":197,"column":4}},{"start":{"line":197,"column":4},"end":{"line":197,"column":4}}]},"26":{"line":198,"type":"cond-expr","locations":[{"start":{"line":199,"column":6},"end":{"line":205,"column":7}},{"start":{"line":206,"column":7},"end":{"line":248,"column":9}}]},"27":{"line":200,"type":"if","locations":[{"start":{"line":200,"column":8},"end":{"line":200,"column":8}},{"start":{"line":200,"column":8},"end":{"line":200,"column":8}}]},"28":{"line":201,"type":"if","locations":[{"start":{"line":201,"column":10},"end":{"line":201,"column":10}},{"start":{"line":201,"column":10},"end":{"line":201,"column":10}}]},"29":{"line":203,"type":"if","locations":[{"start":{"line":203,"column":10},"end":{"line":203,"column":10}},{"start":{"line":203,"column":10},"end":{"line":203,"column":10}}]},"30":{"line":206,"type":"cond-expr","locations":[{"start":{"line":207,"column":8},"end":{"line":226,"column":9}},{"start":{"line":227,"column":8},"end":{"line":248,"column":9}}]},"31":{"line":208,"type":"if","locations":[{"start":{"line":208,"column":10},"end":{"line":208,"column":10}},{"start":{"line":208,"column":10},"end":{"line":208,"column":10}}]},"32":{"line":212,"type":"if","locations":[{"start":{"line":212,"column":12},"end":{"line":212,"column":12}},{"start":{"line":212,"column":12},"end":{"line":212,"column":12}}]},"33":{"line":216,"type":"if","locations":[{"start":{"line":216,"column":14},"end":{"line":216,"column":14}},{"start":{"line":216,"column":14},"end":{"line":216,"column":14}}]},"34":{"line":228,"type":"if","locations":[{"start":{"line":228,"column":10},"end":{"line":228,"column":10}},{"start":{"line":228,"column":10},"end":{"line":228,"column":10}}]},"35":{"line":232,"type":"if","locations":[{"start":{"line":232,"column":12},"end":{"line":232,"column":12}},{"start":{"line":232,"column":12},"end":{"line":232,"column":12}}]},"36":{"line":233,"type":"if","locations":[{"start":{"line":233,"column":14},"end":{"line":233,"column":14}},{"start":{"line":233,"column":14},"end":{"line":233,"column":14}}]},"37":{"line":234,"type":"if","locations":[{"start":{"line":234,"column":16},"end":{"line":234,"column":16}},{"start":{"line":234,"column":16},"end":{"line":234,"column":16}}]},"38":{"line":241,"type":"if","locations":[{"start":{"line":241,"column":16},"end":{"line":241,"column":16}},{"start":{"line":241,"column":16},"end":{"line":241,"column":16}}]},"39":{"line":258,"type":"switch","locations":[{"start":{"line":259,"column":8},"end":{"line":259,"column":22}},{"start":{"line":260,"column":8},"end":{"line":260,"column":22}},{"start":{"line":261,"column":8},"end":{"line":281,"column":16}},{"start":{"line":282,"column":8},"end":{"line":288,"column":16}},{"start":{"line":289,"column":8},"end":{"line":289,"column":22}},{"start":{"line":290,"column":8},"end":{"line":295,"column":11}},{"start":{"line":296,"column":8},"end":{"line":371,"column":16}}]},"40":{"line":262,"type":"if","locations":[{"start":{"line":262,"column":10},"end":{"line":262,"column":10}},{"start":{"line":262,"column":10},"end":{"line":262,"column":10}}]},"41":{"line":263,"type":"if","locations":[{"start":{"line":263,"column":12},"end":{"line":263,"column":12}},{"start":{"line":263,"column":12},"end":{"line":263,"column":12}}]},"42":{"line":267,"type":"if","locations":[{"start":{"line":267,"column":17},"end":{"line":267,"column":17}},{"start":{"line":267,"column":17},"end":{"line":267,"column":17}}]},"43":{"line":268,"type":"binary-expr","locations":[{"start":{"line":268,"column":12},"end":{"line":268,"column":35}},{"start":{"line":269,"column":12},"end":{"line":269,"column":48}}]},"44":{"line":271,"type":"if","locations":[{"start":{"line":271,"column":12},"end":{"line":271,"column":12}},{"start":{"line":271,"column":12},"end":{"line":271,"column":12}}]},"45":{"line":283,"type":"if","locations":[{"start":{"line":283,"column":10},"end":{"line":283,"column":10}},{"start":{"line":283,"column":10},"end":{"line":283,"column":10}}]},"46":{"line":291,"type":"if","locations":[{"start":{"line":291,"column":10},"end":{"line":291,"column":10}},{"start":{"line":291,"column":10},"end":{"line":291,"column":10}}]},"47":{"line":298,"type":"if","locations":[{"start":{"line":298,"column":10},"end":{"line":298,"column":10}},{"start":{"line":298,"column":10},"end":{"line":298,"column":10}}]},"48":{"line":300,"type":"if","locations":[{"start":{"line":300,"column":12},"end":{"line":300,"column":12}},{"start":{"line":300,"column":12},"end":{"line":300,"column":12}}]},"49":{"line":300,"type":"binary-expr","locations":[{"start":{"line":300,"column":16},"end":{"line":300,"column":28}},{"start":{"line":300,"column":32},"end":{"line":300,"column":44}}]},"50":{"line":304,"type":"switch","locations":[{"start":{"line":305,"column":16},"end":{"line":305,"column":30}},{"start":{"line":306,"column":16},"end":{"line":306,"column":30}},{"start":{"line":307,"column":16},"end":{"line":309,"column":24}},{"start":{"line":310,"column":16},"end":{"line":319,"column":24}},{"start":{"line":320,"column":16},"end":{"line":327,"column":19}},{"start":{"line":328,"column":16},"end":{"line":335,"column":24}}]},"51":{"line":311,"type":"cond-expr","locations":[{"start":{"line":311,"column":49},"end":{"line":311,"column":53}},{"start":{"line":311,"column":56},"end":{"line":311,"column":71}}]},"52":{"line":312,"type":"cond-expr","locations":[{"start":{"line":313,"column":22},"end":{"line":313,"column":51}},{"start":{"line":313,"column":54},"end":{"line":313,"column":64}}]},"53":{"line":317,"type":"if","locations":[{"start":{"line":317,"column":18},"end":{"line":317,"column":18}},{"start":{"line":317,"column":18},"end":{"line":317,"column":18}}]},"54":{"line":321,"type":"if","locations":[{"start":{"line":321,"column":18},"end":{"line":321,"column":18}},{"start":{"line":321,"column":18},"end":{"line":321,"column":18}}]},"55":{"line":324,"type":"if","locations":[{"start":{"line":324,"column":18},"end":{"line":324,"column":18}},{"start":{"line":324,"column":18},"end":{"line":324,"column":18}}]},"56":{"line":329,"type":"if","locations":[{"start":{"line":329,"column":18},"end":{"line":329,"column":18}},{"start":{"line":329,"column":18},"end":{"line":329,"column":18}}]},"57":{"line":331,"type":"if","locations":[{"start":{"line":331,"column":20},"end":{"line":331,"column":20}},{"start":{"line":331,"column":20},"end":{"line":331,"column":20}}]},"58":{"line":338,"type":"if","locations":[{"start":{"line":338,"column":17},"end":{"line":338,"column":17}},{"start":{"line":338,"column":17},"end":{"line":338,"column":17}}]},"59":{"line":339,"type":"if","locations":[{"start":{"line":339,"column":12},"end":{"line":339,"column":12}},{"start":{"line":339,"column":12},"end":{"line":339,"column":12}}]},"60":{"line":343,"type":"cond-expr","locations":[{"start":{"line":344,"column":16},"end":{"line":344,"column":44}},{"start":{"line":345,"column":16},"end":{"line":345,"column":23}}]},"61":{"line":347,"type":"if","locations":[{"start":{"line":347,"column":17},"end":{"line":347,"column":17}},{"start":{"line":347,"column":17},"end":{"line":347,"column":17}}]},"62":{"line":349,"type":"if","locations":[{"start":{"line":349,"column":17},"end":{"line":349,"column":17}},{"start":{"line":349,"column":17},"end":{"line":349,"column":17}}]},"63":{"line":351,"type":"if","locations":[{"start":{"line":351,"column":17},"end":{"line":351,"column":17}},{"start":{"line":351,"column":17},"end":{"line":351,"column":17}}]},"64":{"line":353,"type":"if","locations":[{"start":{"line":353,"column":17},"end":{"line":353,"column":17}},{"start":{"line":353,"column":17},"end":{"line":353,"column":17}}]},"65":{"line":355,"type":"if","locations":[{"start":{"line":355,"column":17},"end":{"line":355,"column":17}},{"start":{"line":355,"column":17},"end":{"line":355,"column":17}}]},"66":{"line":359,"type":"if","locations":[{"start":{"line":359,"column":12},"end":{"line":359,"column":12}},{"start":{"line":359,"column":12},"end":{"line":359,"column":12}}]},"67":{"line":366,"type":"if","locations":[{"start":{"line":366,"column":17},"end":{"line":366,"column":17}},{"start":{"line":366,"column":17},"end":{"line":366,"column":17}}]},"68":{"line":390,"type":"if","locations":[{"start":{"line":390,"column":6},"end":{"line":390,"column":6}},{"start":{"line":390,"column":6},"end":{"line":390,"column":6}}]},"69":{"line":396,"type":"cond-expr","locations":[{"start":{"line":397,"column":14},"end":{"line":397,"column":51}},{"start":{"line":398,"column":14},"end":{"line":398,"column":23}}]},"70":{"line":414,"type":"switch","locations":[{"start":{"line":415,"column":8},"end":{"line":418,"column":16}},{"start":{"line":419,"column":8},"end":{"line":431,"column":16}},{"start":{"line":432,"column":8},"end":{"line":439,"column":16}}]},"71":{"line":420,"type":"if","locations":[{"start":{"line":420,"column":10},"end":{"line":420,"column":10}},{"start":{"line":420,"column":10},"end":{"line":420,"column":10}}]},"72":{"line":421,"type":"if","locations":[{"start":{"line":421,"column":12},"end":{"line":421,"column":12}},{"start":{"line":421,"column":12},"end":{"line":421,"column":12}}]},"73":{"line":421,"type":"binary-expr","locations":[{"start":{"line":421,"column":16},"end":{"line":421,"column":28}},{"start":{"line":422,"column":14},"end":{"line":422,"column":42}},{"start":{"line":423,"column":14},"end":{"line":423,"column":38}}]},"74":{"line":433,"type":"if","locations":[{"start":{"line":433,"column":10},"end":{"line":433,"column":10}},{"start":{"line":433,"column":10},"end":{"line":433,"column":10}}]},"75":{"line":434,"type":"binary-expr","locations":[{"start":{"line":434,"column":12},"end":{"line":434,"column":52}},{"start":{"line":435,"column":12},"end":{"line":435,"column":49}}]},"76":{"line":452,"type":"binary-expr","locations":[{"start":{"line":452,"column":11},"end":{"line":452,"column":40}},{"start":{"line":453,"column":12},"end":{"line":453,"column":54}},{"start":{"line":454,"column":12},"end":{"line":454,"column":38}}]},"77":{"line":504,"type":"if","locations":[{"start":{"line":504,"column":6},"end":{"line":504,"column":6}},{"start":{"line":504,"column":6},"end":{"line":504,"column":6}}]},"78":{"line":505,"type":"binary-expr","locations":[{"start":{"line":505,"column":8},"end":{"line":505,"column":39}},{"start":{"line":506,"column":8},"end":{"line":506,"column":49}}]},"79":{"line":511,"type":"cond-expr","locations":[{"start":{"line":511,"column":34},"end":{"line":511,"column":44}},{"start":{"line":511,"column":47},"end":{"line":511,"column":54}}]},"80":{"line":524,"type":"cond-expr","locations":[{"start":{"line":525,"column":8},"end":{"line":525,"column":25}},{"start":{"line":526,"column":8},"end":{"line":526,"column":26}}]},"81":{"line":537,"type":"if","locations":[{"start":{"line":537,"column":4},"end":{"line":537,"column":4}},{"start":{"line":537,"column":4},"end":{"line":537,"column":4}}]},"82":{"line":548,"type":"if","locations":[{"start":{"line":548,"column":4},"end":{"line":548,"column":4}},{"start":{"line":548,"column":4},"end":{"line":548,"column":4}}]},"83":{"line":557,"type":"if","locations":[{"start":{"line":557,"column":6},"end":{"line":557,"column":6}},{"start":{"line":557,"column":6},"end":{"line":557,"column":6}}]},"84":{"line":570,"type":"if","locations":[{"start":{"line":570,"column":4},"end":{"line":570,"column":4}},{"start":{"line":570,"column":4},"end":{"line":570,"column":4}}]},"85":{"line":570,"type":"binary-expr","locations":[{"start":{"line":570,"column":8},"end":{"line":570,"column":10}},{"start":{"line":570,"column":14},"end":{"line":570,"column":16}}]},"86":{"line":599,"type":"switch","locations":[{"start":{"line":600,"column":8},"end":{"line":606,"column":16}},{"start":{"line":607,"column":8},"end":{"line":651,"column":16}},{"start":{"line":652,"column":8},"end":{"line":661,"column":16}}]},"87":{"line":602,"type":"if","locations":[{"start":{"line":602,"column":10},"end":{"line":602,"column":10}},{"start":{"line":602,"column":10},"end":{"line":602,"column":10}}]},"88":{"line":611,"type":"cond-expr","locations":[{"start":{"line":611,"column":33},"end":{"line":611,"column":79}},{"start":{"line":611,"column":83},"end":{"line":611,"column":85}}]},"89":{"line":613,"type":"cond-expr","locations":[{"start":{"line":613,"column":31},"end":{"line":613,"column":73}},{"start":{"line":613,"column":76},"end":{"line":613,"column":78}}]},"90":{"line":615,"type":"switch","locations":[{"start":{"line":620,"column":12},"end":{"line":622,"column":20}},{"start":{"line":624,"column":12},"end":{"line":625,"column":25}},{"start":{"line":627,"column":12},"end":{"line":629,"column":20}}]},"91":{"line":635,"type":"if","locations":[{"start":{"line":635,"column":10},"end":{"line":635,"column":10}},{"start":{"line":635,"column":10},"end":{"line":635,"column":10}}]},"92":{"line":648,"type":"if","locations":[{"start":{"line":648,"column":10},"end":{"line":648,"column":10}},{"start":{"line":648,"column":10},"end":{"line":648,"column":10}}]},"93":{"line":654,"type":"binary-expr","locations":[{"start":{"line":654,"column":19},"end":{"line":654,"column":51}},{"start":{"line":655,"column":20},"end":{"line":659,"column":21}}]},"94":{"line":668,"type":"if","locations":[{"start":{"line":668,"column":4},"end":{"line":668,"column":4}},{"start":{"line":668,"column":4},"end":{"line":668,"column":4}}]},"95":{"line":683,"type":"if","locations":[{"start":{"line":683,"column":4},"end":{"line":683,"column":4}},{"start":{"line":683,"column":4},"end":{"line":683,"column":4}}]},"96":{"line":685,"type":"if","locations":[{"start":{"line":685,"column":11},"end":{"line":685,"column":11}},{"start":{"line":685,"column":11},"end":{"line":685,"column":11}}]},"97":{"line":687,"type":"if","locations":[{"start":{"line":687,"column":11},"end":{"line":687,"column":11}},{"start":{"line":687,"column":11},"end":{"line":687,"column":11}}]},"98":{"line":697,"type":"if","locations":[{"start":{"line":697,"column":6},"end":{"line":697,"column":6}},{"start":{"line":697,"column":6},"end":{"line":697,"column":6}}]},"99":{"line":710,"type":"binary-expr","locations":[{"start":{"line":710,"column":11},"end":{"line":710,"column":24}},{"start":{"line":710,"column":28},"end":{"line":710,"column":43}}]},"100":{"line":717,"type":"binary-expr","locations":[{"start":{"line":717,"column":7},"end":{"line":717,"column":51}},{"start":{"line":718,"column":6},"end":{"line":718,"column":33}},{"start":{"line":719,"column":6},"end":{"line":719,"column":44}}]},"101":{"line":734,"type":"if","locations":[{"start":{"line":734,"column":4},"end":{"line":734,"column":4}},{"start":{"line":734,"column":4},"end":{"line":734,"column":4}}]},"102":{"line":734,"type":"binary-expr","locations":[{"start":{"line":734,"column":8},"end":{"line":734,"column":23}},{"start":{"line":734,"column":27},"end":{"line":734,"column":65}}]},"103":{"line":743,"type":"switch","locations":[{"start":{"line":744,"column":6},"end":{"line":746,"column":14}},{"start":{"line":747,"column":6},"end":{"line":749,"column":14}},{"start":{"line":750,"column":6},"end":{"line":752,"column":14}}]},"104":{"line":761,"type":"if","locations":[{"start":{"line":761,"column":4},"end":{"line":761,"column":4}},{"start":{"line":761,"column":4},"end":{"line":761,"column":4}}]},"105":{"line":782,"type":"cond-expr","locations":[{"start":{"line":783,"column":6},"end":{"line":793,"column":7}},{"start":{"line":794,"column":6},"end":{"line":794,"column":13}}]},"106":{"line":797,"type":"cond-expr","locations":[{"start":{"line":798,"column":6},"end":{"line":811,"column":7}},{"start":{"line":812,"column":6},"end":{"line":812,"column":9}}]},"107":{"line":817,"type":"binary-expr","locations":[{"start":{"line":817,"column":16},"end":{"line":817,"column":29}},{"start":{"line":818,"column":17},"end":{"line":826,"column":19}}]},"108":{"line":829,"type":"binary-expr","locations":[{"start":{"line":829,"column":13},"end":{"line":829,"column":25}},{"start":{"line":830,"column":14},"end":{"line":830,"column":68}}]},"109":{"line":841,"type":"if","locations":[{"start":{"line":841,"column":2},"end":{"line":841,"column":2}},{"start":{"line":841,"column":2},"end":{"line":841,"column":2}}]},"110":{"line":845,"type":"binary-expr","locations":[{"start":{"line":845,"column":13},"end":{"line":845,"column":33}},{"start":{"line":846,"column":13},"end":{"line":846,"column":44}}]},"111":{"line":851,"type":"cond-expr","locations":[{"start":{"line":852,"column":6},"end":{"line":854,"column":7}},{"start":{"line":855,"column":6},"end":{"line":863,"column":7}}]},"112":{"line":874,"type":"cond-expr","locations":[{"start":{"line":875,"column":6},"end":{"line":888,"column":7}},{"start":{"line":889,"column":6},"end":{"line":889,"column":47}}]},"113":{"line":874,"type":"binary-expr","locations":[{"start":{"line":874,"column":20},"end":{"line":874,"column":22}},{"start":{"line":874,"column":26},"end":{"line":874,"column":28}}]},"114":{"line":884,"type":"if","locations":[{"start":{"line":884,"column":10},"end":{"line":884,"column":10}},{"start":{"line":884,"column":10},"end":{"line":884,"column":10}}]},"115":{"line":893,"type":"cond-expr","locations":[{"start":{"line":894,"column":6},"end":{"line":907,"column":7}},{"start":{"line":908,"column":6},"end":{"line":913,"column":7}}]},"116":{"line":893,"type":"binary-expr","locations":[{"start":{"line":893,"column":16},"end":{"line":893,"column":18}},{"start":{"line":893,"column":22},"end":{"line":893,"column":24}}]},"117":{"line":897,"type":"switch","locations":[{"start":{"line":898,"column":12},"end":{"line":900,"column":20}},{"start":{"line":901,"column":12},"end":{"line":903,"column":20}}]},"118":{"line":922,"type":"cond-expr","locations":[{"start":{"line":923,"column":8},"end":{"line":926,"column":9}},{"start":{"line":927,"column":8},"end":{"line":927,"column":25}}]},"119":{"line":932,"type":"binary-expr","locations":[{"start":{"line":932,"column":17},"end":{"line":932,"column":19}},{"start":{"line":932,"column":23},"end":{"line":932,"column":26}}]},"120":{"line":932,"type":"binary-expr","locations":[{"start":{"line":932,"column":37},"end":{"line":932,"column":39}},{"start":{"line":932,"column":43},"end":{"line":932,"column":46}}]},"121":{"line":936,"type":"cond-expr","locations":[{"start":{"line":937,"column":4},"end":{"line":942,"column":5}},{"start":{"line":943,"column":4},"end":{"line":943,"column":55}}]},"122":{"line":939,"type":"if","locations":[{"start":{"line":939,"column":8},"end":{"line":939,"column":8}},{"start":{"line":939,"column":8},"end":{"line":939,"column":8}}]},"123":{"line":945,"type":"cond-expr","locations":[{"start":{"line":946,"column":4},"end":{"line":951,"column":5}},{"start":{"line":952,"column":4},"end":{"line":952,"column":59}}]},"124":{"line":948,"type":"if","locations":[{"start":{"line":948,"column":8},"end":{"line":948,"column":8}},{"start":{"line":948,"column":8},"end":{"line":948,"column":8}}]},"125":{"line":971,"type":"cond-expr","locations":[{"start":{"line":972,"column":6},"end":{"line":982,"column":7}},{"start":{"line":983,"column":6},"end":{"line":985,"column":7}}]},"126":{"line":1009,"type":"switch","locations":[{"start":{"line":1010,"column":6},"end":{"line":1010,"column":24}},{"start":{"line":1011,"column":6},"end":{"line":1013,"column":14}},{"start":{"line":1014,"column":6},"end":{"line":1020,"column":14}},{"start":{"line":1021,"column":6},"end":{"line":1021,"column":26}},{"start":{"line":1022,"column":6},"end":{"line":1025,"column":14}}]},"127":{"line":1050,"type":"if","locations":[{"start":{"line":1050,"column":6},"end":{"line":1050,"column":6}},{"start":{"line":1050,"column":6},"end":{"line":1050,"column":6}}]},"128":{"line":1092,"type":"if","locations":[{"start":{"line":1092,"column":4},"end":{"line":1092,"column":4}},{"start":{"line":1092,"column":4},"end":{"line":1092,"column":4}}]},"129":{"line":1094,"type":"binary-expr","locations":[{"start":{"line":1094,"column":16},"end":{"line":1094,"column":39}},{"start":{"line":1095,"column":16},"end":{"line":1095,"column":51}}]},"130":{"line":1096,"type":"if","locations":[{"start":{"line":1096,"column":4},"end":{"line":1096,"column":4}},{"start":{"line":1096,"column":4},"end":{"line":1096,"column":4}}]},"131":{"line":1116,"type":"cond-expr","locations":[{"start":{"line":1117,"column":8},"end":{"line":1117,"column":54}},{"start":{"line":1118,"column":8},"end":{"line":1118,"column":16}}]},"132":{"line":1123,"type":"if","locations":[{"start":{"line":1123,"column":6},"end":{"line":1123,"column":6}},{"start":{"line":1123,"column":6},"end":{"line":1123,"column":6}}]},"133":{"line":1125,"type":"if","locations":[{"start":{"line":1125,"column":8},"end":{"line":1125,"column":8}},{"start":{"line":1125,"column":8},"end":{"line":1125,"column":8}}]},"134":{"line":1133,"type":"cond-expr","locations":[{"start":{"line":1134,"column":6},"end":{"line":1160,"column":7}},{"start":{"line":1161,"column":6},"end":{"line":1170,"column":7}}]},"135":{"line":1136,"type":"if","locations":[{"start":{"line":1136,"column":8},"end":{"line":1136,"column":8}},{"start":{"line":1136,"column":8},"end":{"line":1136,"column":8}}]},"136":{"line":1137,"type":"if","locations":[{"start":{"line":1137,"column":8},"end":{"line":1137,"column":8}},{"start":{"line":1137,"column":8},"end":{"line":1137,"column":8}}]},"137":{"line":1141,"type":"if","locations":[{"start":{"line":1141,"column":12},"end":{"line":1141,"column":12}},{"start":{"line":1141,"column":12},"end":{"line":1141,"column":12}}]},"138":{"line":1142,"type":"if","locations":[{"start":{"line":1142,"column":14},"end":{"line":1142,"column":14}},{"start":{"line":1142,"column":14},"end":{"line":1142,"column":14}}]},"139":{"line":1151,"type":"if","locations":[{"start":{"line":1151,"column":16},"end":{"line":1151,"column":16}},{"start":{"line":1151,"column":16},"end":{"line":1151,"column":16}}]},"140":{"line":1162,"type":"if","locations":[{"start":{"line":1162,"column":8},"end":{"line":1162,"column":8}},{"start":{"line":1162,"column":8},"end":{"line":1162,"column":8}}]},"141":{"line":1163,"type":"if","locations":[{"start":{"line":1163,"column":8},"end":{"line":1163,"column":8}},{"start":{"line":1163,"column":8},"end":{"line":1163,"column":8}}]},"142":{"line":1178,"type":"if","locations":[{"start":{"line":1178,"column":4},"end":{"line":1178,"column":4}},{"start":{"line":1178,"column":4},"end":{"line":1178,"column":4}}]},"143":{"line":1180,"type":"binary-expr","locations":[{"start":{"line":1180,"column":13},"end":{"line":1180,"column":29}},{"start":{"line":1180,"column":33},"end":{"line":1180,"column":39}}]},"144":{"line":1182,"type":"if","locations":[{"start":{"line":1182,"column":4},"end":{"line":1182,"column":4}},{"start":{"line":1182,"column":4},"end":{"line":1182,"column":4}}]},"145":{"line":1186,"type":"binary-expr","locations":[{"start":{"line":1186,"column":11},"end":{"line":1186,"column":19}},{"start":{"line":1186,"column":24},"end":{"line":1186,"column":52}}]}}}}