TN:
SF:/home/webreflection/code/hyperHTML/hyperhtml.js
FN:1,(anonymous_1)
FN:14,hyperHTML
FN:28,adopt
FN:29,(anonymous_4)
FN:38,define
FN:43,escape
FN:48,hyper
FN:71,wire
FN:110,indexOfDifferences
FN:126,populateNode
FN:148,removeNodeList
FN:157,resetAndPopulate
FN:163,updateViaArray
FN:183,setAttribute
FN:199,eventAttr
FN:207,specialAttr
FN:227,normalAttr
FN:254,setVirtualContent
FN:257,anyVirtual
FN:381,attributesSeeker
FN:406,hyperSeeker
FN:458,(anonymous_22)
FN:484,fnEscape
FN:489,asHTML
FN:494,createContent
FN:515,createDocumentFragment
FN:521,createFragment
FN:531,createHTMLFragment
FN:567,createSVGFragment
FN:583,createText
FN:589,discoverNode
FN:667,insertBefore
FN:676,emptyFragment
FN:681,invokeAtDistance
FN:695,invokeTransformer
FN:704,isNode_ish
FN:709,isPromise_ish
FN:715,noContent
FN:725,removeAttributeList
FN:732,removePreviousText
FN:741,setContent
FN:759,updateVirtualNodes
FN:773,Path
FN:783,(anonymous_44)
FN:785,(anonymous_45)
FN:786,(anonymous_46)
FN:798,(anonymous_47)
FN:801,(anonymous_48)
FN:807,(anonymous_49)
FN:818,(anonymous_50)
FN:823,(anonymous_51)
FN:830,(anonymous_52)
FN:843,(anonymous_53)
FN:852,(anonymous_54)
FN:855,appendNodes
FN:867,bind
FN:868,(anonymous_57)
FN:875,(anonymous_58)
FN:889,(anonymous_59)
FN:894,(anonymous_60)
FN:908,(anonymous_61)
FN:919,(anonymous_62)
FN:923,(anonymous_63)
FN:931,(anonymous_64)
FN:937,(anonymous_65)
FN:943,(anonymous_66)
FN:946,(anonymous_67)
FN:952,(anonymous_68)
FN:968,(anonymous_69)
FN:972,(anonymous_70)
FN:983,(anonymous_71)
FN:994,createTemplate
FN:1006,createPath
FN:1040,createUpdates
FN:1061,discoverUpdates
FN:1083,update
FN:1091,upgrade
FN:1111,wireContent
FN:1114,before
FN:1122,after
FN:1134,adopt
FN:1140,(anonymous_82)
FN:1161,update
FN:1174,wireWeakly
FNF:84
FNH:84
FNDA:2,(anonymous_1)
FNDA:256,hyperHTML
FNDA:28,adopt
FNDA:32,(anonymous_4)
FNDA:2,define
FNDA:2,escape
FNDA:20,hyper
FNDA:58,wire
FNDA:46,indexOfDifferences
FNDA:14,populateNode
FNDA:86,removeNodeList
FNDA:130,resetAndPopulate
FNDA:16,updateViaArray
FNDA:32,setAttribute
FNDA:22,eventAttr
FNDA:16,specialAttr
FNDA:32,normalAttr
FNDA:104,setVirtualContent
FNDA:284,anyVirtual
FNDA:102,attributesSeeker
FNDA:200,hyperSeeker
FNDA:2,(anonymous_22)
FNDA:4,fnEscape
FNDA:2,asHTML
FNDA:50,createContent
FNDA:130,createDocumentFragment
FNDA:108,createFragment
FNDA:106,createHTMLFragment
FNDA:2,createSVGFragment
FNDA:46,createText
FNDA:46,discoverNode
FNDA:12,insertBefore
FNDA:28,emptyFragment
FNDA:10,invokeAtDistance
FNDA:10,invokeTransformer
FNDA:82,isNode_ish
FNDA:94,isPromise_ish
FNDA:68,noContent
FNDA:140,removeAttributeList
FNDA:14,removePreviousText
FNDA:136,setContent
FNDA:16,updateVirtualNodes
FNDA:100,Path
FNDA:2,(anonymous_44)
FNDA:151,(anonymous_45)
FNDA:82,(anonymous_46)
FNDA:1,(anonymous_47)
FNDA:70,(anonymous_48)
FNDA:49,(anonymous_49)
FNDA:1,(anonymous_50)
FNDA:94,(anonymous_51)
FNDA:37,(anonymous_52)
FNDA:183,(anonymous_53)
FNDA:68,(anonymous_54)
FNDA:18,appendNodes
FNDA:194,bind
FNDA:224,(anonymous_57)
FNDA:123,(anonymous_58)
FNDA:72,(anonymous_59)
FNDA:72,(anonymous_60)
FNDA:72,(anonymous_61)
FNDA:26,(anonymous_62)
FNDA:16,(anonymous_63)
FNDA:32,(anonymous_64)
FNDA:7,(anonymous_65)
FNDA:7,(anonymous_66)
FNDA:6,(anonymous_67)
FNDA:6,(anonymous_68)
FNDA:2,(anonymous_69)
FNDA:178,(anonymous_70)
FNDA:54,(anonymous_71)
FNDA:98,createTemplate
FNDA:100,createPath
FNDA:108,createUpdates
FNDA:32,discoverUpdates
FNDA:256,update
FNDA:140,upgrade
FNDA:48,wireContent
FNDA:48,before
FNDA:72,after
FNDA:14,adopt
FNDA:14,(anonymous_82)
FNDA:58,update
FNDA:46,wireWeakly
DA:1,2
DA:11,2
DA:14,1
DA:15,256
DA:16,256
DA:20,140
DA:21,140
DA:23,256
DA:24,256
DA:28,2
DA:29,28
DA:30,32
DA:31,32
DA:32,32
DA:33,32
DA:38,2
DA:39,2
DA:43,2
DA:44,2
DA:48,2
DA:49,20
DA:51,14
DA:63,6
DA:70,2
DA:71,1
DA:72,58
DA:89,2
DA:90,2
DA:91,2
DA:92,2
DA:93,2
DA:96,2
DA:97,2
DA:99,2
DA:100,2
DA:101,2
DA:102,2
DA:110,1
DA:111,46
DA:116,46
DA:117,34
DA:118,12
DA:120,34
DA:126,1
DA:127,14
DA:129,6
DA:130,6
DA:131,2
DA:132,2
DA:134,4
DA:135,4
DA:137,6
DA:138,4
DA:140,6
DA:142,2
DA:143,2
DA:148,1
DA:149,86
DA:150,86
DA:151,24
DA:152,24
DA:157,1
DA:158,130
DA:159,130
DA:163,1
DA:164,16
DA:165,16
DA:166,2
DA:167,2
DA:168,2
DA:170,14
DA:171,14
DA:183,1
DA:184,32
DA:197,32
DA:198,32
DA:200,22
DA:201,14
DA:202,14
DA:203,14
DA:208,16
DA:209,12
DA:212,12
DA:216,10
DA:219,4
DA:220,4
DA:222,6
DA:228,32
DA:229,28
DA:232,28
DA:233,26
DA:234,4
DA:236,2
DA:237,2
DA:240,22
DA:241,22
DA:242,2
DA:243,2
DA:254,1
DA:255,104
DA:256,104
DA:257,104
DA:258,284
DA:262,120
DA:263,56
DA:264,50
DA:265,50
DA:267,64
DA:271,22
DA:272,8
DA:273,8
DA:276,42
DA:277,42
DA:278,42
DA:279,42
DA:281,120
DA:283,4
DA:284,2
DA:286,2
DA:288,4
DA:291,160
DA:292,6
DA:293,6
DA:294,6
DA:297,154
DA:298,154
DA:299,72
DA:300,72
DA:301,2
DA:302,2
DA:304,70
DA:308,24
DA:309,24
DA:311,10
DA:312,10
DA:314,10
DA:315,12
DA:317,10
DA:318,10
DA:319,10
DA:321,34
DA:322,8
DA:324,34
DA:325,4
DA:326,4
DA:329,32
DA:330,24
DA:331,24
DA:333,8
DA:335,32
DA:338,82
DA:339,22
DA:340,8
DA:347,60
DA:348,4
DA:349,56
DA:350,10
DA:351,46
DA:352,4
DA:353,42
DA:354,4
DA:355,38
DA:356,28
DA:359,28
DA:361,10
DA:362,10
DA:363,10
DA:364,10
DA:366,10
DA:367,4
DA:369,6
DA:371,154
DA:381,1
DA:382,102
DA:389,38
DA:390,38
DA:391,32
DA:406,1
DA:407,200
DA:413,276
DA:414,276
DA:416,102
DA:417,102
DA:418,102
DA:420,66
DA:421,64
DA:425,24
DA:426,24
DA:428,40
DA:431,66
DA:433,108
DA:437,4
DA:439,108
DA:447,2
DA:452,2
DA:458,2
DA:459,2
DA:460,2
DA:461,2
DA:466,2
DA:473,2
DA:476,2
DA:477,2
DA:484,1
DA:485,4
DA:489,1
DA:490,2
DA:494,1
DA:495,50
DA:503,70
DA:504,70
DA:508,54
DA:511,50
DA:515,1
DA:516,130
DA:521,1
DA:522,108
DA:523,108
DA:531,1
DA:532,106
DA:533,106
DA:534,106
DA:535,106
DA:536,106
DA:537,106
DA:539,50
DA:546,50
DA:548,106
DA:552,1
DA:553,1
DA:554,1
DA:556,105
DA:557,105
DA:558,56
DA:560,49
DA:563,106
DA:567,1
DA:568,2
DA:569,2
DA:570,2
DA:571,1
DA:572,1
DA:573,1
DA:575,1
DA:576,1
DA:577,1
DA:579,2
DA:583,1
DA:584,46
DA:589,1
DA:590,46
DA:599,58
DA:601,8
DA:602,8
DA:603,6
DA:605,8
DA:606,8
DA:608,12
DA:609,12
DA:610,12
DA:611,12
DA:612,12
DA:613,12
DA:614,12
DA:615,12
DA:621,2
DA:622,2
DA:625,4
DA:628,10
DA:629,10
DA:631,12
DA:635,12
DA:636,2
DA:642,10
DA:648,12
DA:649,10
DA:651,12
DA:654,38
DA:660,38
DA:661,38
DA:664,46
DA:667,1
DA:668,12
DA:669,10
DA:671,2
DA:676,1
DA:677,28
DA:681,1
DA:682,10
DA:683,10
DA:684,2
DA:685,8
DA:686,2
DA:687,6
DA:688,2
DA:690,4
DA:695,1
DA:696,10
DA:697,10
DA:698,8
DA:704,1
DA:705,82
DA:709,1
DA:710,94
DA:715,1
DA:716,68
DA:721,68
DA:725,1
DA:726,140
DA:727,16
DA:732,1
DA:733,14
DA:734,14
DA:735,4
DA:736,4
DA:741,1
DA:742,136
DA:743,136
DA:745,52
DA:746,52
DA:748,32
DA:749,32
DA:751,52
DA:752,52
DA:754,136
DA:759,1
DA:760,16
DA:761,16
DA:762,12
DA:763,12
DA:764,12
DA:765,12
DA:766,12
DA:767,12
DA:768,12
DA:773,1
DA:774,100
DA:782,2
DA:784,2
DA:785,151
DA:787,82
DA:797,2
DA:799,1
DA:800,1
DA:802,70
DA:808,49
DA:817,2
DA:819,1
DA:822,1
DA:823,1
DA:824,94
DA:829,2
DA:830,37
DA:837,2
DA:840,2
DA:841,2
DA:842,1
DA:843,1
DA:844,183
DA:845,183
DA:851,2
DA:853,68
DA:856,18
DA:861,26
DA:867,2
DA:868,194
DA:869,224
DA:874,2
DA:876,123
DA:883,321
DA:884,321
DA:885,181
DA:887,123
DA:889,72
DA:893,2
DA:895,72
DA:896,93
DA:897,93
DA:899,51
DA:900,51
DA:902,42
DA:903,42
DA:906,72
DA:909,72
DA:910,93
DA:912,72
DA:916,2
DA:917,2
DA:918,2
DA:919,2
DA:920,26
DA:924,16
DA:925,16
DA:931,2
DA:932,32
DA:936,2
DA:938,7
DA:939,8
DA:941,1
DA:943,7
DA:945,2
DA:947,6
DA:948,6
DA:950,2
DA:952,6
DA:955,2
DA:958,2
DA:961,2
DA:964,2
DA:968,2
DA:969,2
DA:970,2
DA:971,2
DA:973,178
DA:979,124
DA:981,178
DA:984,54
DA:994,1
DA:995,98
DA:996,98
DA:997,98
DA:998,98
DA:999,98
DA:1000,98
DA:1006,1
DA:1007,100
DA:1008,100
DA:1009,100
DA:1012,28
DA:1013,28
DA:1015,40
DA:1016,40
DA:1020,40
DA:1023,32
DA:1024,32
DA:1025,32
DA:1027,100
DA:1032,72
DA:1034,100
DA:1040,1
DA:1041,108
DA:1048,90
DA:1049,90
DA:1050,90
DA:1051,8
DA:1052,8
DA:1054,90
DA:1056,108
DA:1057,108
DA:1061,1
DA:1062,32
DA:1069,46
DA:1070,46
DA:1071,46
DA:1078,32
DA:1079,32
DA:1083,1
DA:1084,256
DA:1085,264
DA:1091,1
DA:1092,140
DA:1093,140
DA:1094,140
DA:1096,140
DA:1097,108
DA:1098,108
DA:1099,108
DA:1101,32
DA:1103,140
DA:1111,1
DA:1112,48
DA:1114,1
DA:1115,48
DA:1116,48
DA:1119,48
DA:1122,1
DA:1123,72
DA:1124,50
DA:1125,50
DA:1126,6
DA:1128,50
DA:1130,72
DA:1133,48
DA:1135,14
DA:1136,14
DA:1137,14
DA:1138,10
DA:1139,10
DA:1140,10
DA:1141,14
DA:1142,10
DA:1143,2
DA:1144,2
DA:1149,2
DA:1151,8
DA:1152,8
DA:1155,14
DA:1156,14
DA:1159,14
DA:1162,58
DA:1163,58
DA:1164,40
DA:1165,40
DA:1166,40
DA:1168,58
DA:1169,58
DA:1174,1
DA:1175,46
DA:1176,46
DA:1177,46
DA:1178,46
DA:1179,12
DA:1180,12
DA:1182,46
DA:1183,24
DA:1184,24
DA:1186,46
DA:1192,2
DA:1197,2
LF:519
LH:519
BRDA:16,1,0,140
BRDA:16,1,1,116
BRDA:17,2,0,256
BRDA:17,2,1,154
BRDA:18,3,0,77
BRDA:18,3,1,77
BRDA:49,4,0,2
BRDA:49,4,1,14
BRDA:49,4,2,6
BRDA:51,5,0,2
BRDA:51,5,1,12
BRDA:53,6,0,2
BRDA:53,6,1,10
BRDA:55,7,0,2
BRDA:55,7,1,8
BRDA:57,8,0,4
BRDA:57,8,1,4
BRDA:63,9,0,2
BRDA:63,9,1,4
BRDA:72,10,0,10
BRDA:72,10,1,48
BRDA:74,11,0,6
BRDA:74,11,1,42
BRDA:75,12,0,6
BRDA:75,12,1,2
BRDA:76,13,0,42
BRDA:76,13,1,16
BRDA:117,14,0,22
BRDA:117,14,1,12
BRDA:117,15,0,34
BRDA:117,15,1,28
BRDA:120,16,0,14
BRDA:120,16,1,20
BRDA:127,17,0,6
BRDA:127,17,1,6
BRDA:127,17,2,2
BRDA:130,18,0,2
BRDA:130,18,1,4
BRDA:137,19,0,4
BRDA:137,19,1,2
BRDA:165,20,0,2
BRDA:165,20,1,14
BRDA:188,21,0,32
BRDA:188,21,1,16
BRDA:190,22,0,16
BRDA:190,22,1,16
BRDA:193,23,0,10
BRDA:193,23,1,22
BRDA:194,24,0,32
BRDA:194,24,1,22
BRDA:197,25,0,16
BRDA:197,25,1,16
BRDA:198,26,0,10
BRDA:198,26,1,22
BRDA:200,27,0,14
BRDA:200,27,1,8
BRDA:201,28,0,4
BRDA:201,28,1,10
BRDA:203,29,0,12
BRDA:203,29,1,2
BRDA:206,30,0,6
BRDA:206,30,1,16
BRDA:208,31,0,12
BRDA:208,31,1,4
BRDA:212,32,0,10
BRDA:212,32,1,2
BRDA:216,33,0,4
BRDA:216,33,1,6
BRDA:228,34,0,28
BRDA:228,34,1,4
BRDA:232,35,0,26
BRDA:232,35,1,2
BRDA:233,36,0,4
BRDA:233,36,1,22
BRDA:234,37,0,2
BRDA:234,37,1,2
BRDA:241,38,0,2
BRDA:241,38,1,20
BRDA:258,39,0,106
BRDA:258,39,1,118
BRDA:258,39,2,120
BRDA:258,39,3,4
BRDA:258,39,4,156
BRDA:258,39,5,160
BRDA:258,39,6,154
BRDA:262,40,0,56
BRDA:262,40,1,64
BRDA:263,41,0,50
BRDA:263,41,1,6
BRDA:267,42,0,22
BRDA:267,42,1,42
BRDA:268,43,0,64
BRDA:268,43,1,24
BRDA:271,44,0,8
BRDA:271,44,1,14
BRDA:283,45,0,2
BRDA:283,45,1,2
BRDA:291,46,0,6
BRDA:291,46,1,154
BRDA:298,47,0,72
BRDA:298,47,1,82
BRDA:300,48,0,2
BRDA:300,48,1,70
BRDA:300,49,0,72
BRDA:300,49,1,4
BRDA:304,50,0,16
BRDA:304,50,1,24
BRDA:304,50,2,24
BRDA:304,50,3,10
BRDA:304,50,4,34
BRDA:304,50,5,32
BRDA:311,51,0,8
BRDA:311,51,1,2
BRDA:312,52,0,8
BRDA:312,52,1,2
BRDA:317,53,0,8
BRDA:317,53,1,2
BRDA:321,54,0,8
BRDA:321,54,1,26
BRDA:324,55,0,4
BRDA:324,55,1,30
BRDA:329,56,0,24
BRDA:329,56,1,8
BRDA:331,57,0,16
BRDA:331,57,1,8
BRDA:338,58,0,22
BRDA:338,58,1,60
BRDA:339,59,0,14
BRDA:339,59,1,8
BRDA:343,60,0,2
BRDA:343,60,1,6
BRDA:347,61,0,4
BRDA:347,61,1,56
BRDA:349,62,0,10
BRDA:349,62,1,46
BRDA:351,63,0,4
BRDA:351,63,1,42
BRDA:353,64,0,4
BRDA:353,64,1,38
BRDA:355,65,0,28
BRDA:355,65,1,10
BRDA:359,66,0,18
BRDA:359,66,1,10
BRDA:366,67,0,4
BRDA:366,67,1,6
BRDA:390,68,0,32
BRDA:390,68,1,6
BRDA:396,69,0,16
BRDA:396,69,1,16
BRDA:414,70,0,102
BRDA:414,70,1,66
BRDA:414,70,2,108
BRDA:420,71,0,64
BRDA:420,71,1,2
BRDA:421,72,0,24
BRDA:421,72,1,40
BRDA:421,73,0,64
BRDA:421,73,1,50
BRDA:421,73,2,18
BRDA:433,74,0,4
BRDA:433,74,1,104
BRDA:434,75,0,108
BRDA:434,75,1,4
BRDA:452,76,0,2
BRDA:452,76,1,1
BRDA:452,76,2,1
BRDA:504,77,0,54
BRDA:504,77,1,16
BRDA:505,78,0,70
BRDA:505,78,1,30
BRDA:511,79,0,42
BRDA:511,79,1,8
BRDA:524,80,0,2
BRDA:524,80,1,106
BRDA:537,81,0,50
BRDA:537,81,1,56
BRDA:548,82,0,1
BRDA:548,82,1,105
BRDA:557,83,0,56
BRDA:557,83,1,49
BRDA:570,84,0,1
BRDA:570,84,1,1
BRDA:570,85,0,2
BRDA:570,85,1,1
BRDA:599,86,0,8
BRDA:599,86,1,12
BRDA:599,86,2,38
BRDA:602,87,0,6
BRDA:602,87,1,2
BRDA:611,88,0,8
BRDA:611,88,1,4
BRDA:613,89,0,10
BRDA:613,89,1,2
BRDA:615,90,0,2
BRDA:615,90,1,4
BRDA:615,90,2,10
BRDA:635,91,0,2
BRDA:635,91,1,10
BRDA:648,92,0,10
BRDA:648,92,1,2
BRDA:654,93,0,38
BRDA:654,93,1,8
BRDA:668,94,0,10
BRDA:668,94,1,2
BRDA:683,95,0,2
BRDA:683,95,1,8
BRDA:685,96,0,2
BRDA:685,96,1,6
BRDA:687,97,0,2
BRDA:687,97,1,4
BRDA:697,98,0,8
BRDA:697,98,1,2
BRDA:710,99,0,94
BRDA:710,99,1,94
BRDA:717,100,0,92
BRDA:717,100,1,64
BRDA:717,100,2,40
BRDA:734,101,0,4
BRDA:734,101,1,10
BRDA:734,102,0,14
BRDA:734,102,1,10
BRDA:743,103,0,52
BRDA:743,103,1,32
BRDA:743,103,2,52
BRDA:761,104,0,12
BRDA:761,104,1,4
BRDA:782,105,0,1
BRDA:782,105,1,1
BRDA:797,106,0,1
BRDA:797,106,1,1
BRDA:817,107,0,2
BRDA:817,107,1,1
BRDA:829,108,0,2
BRDA:829,108,1,1
BRDA:841,109,0,1
BRDA:841,109,1,1
BRDA:845,110,0,183
BRDA:845,110,1,49
BRDA:851,111,0,1
BRDA:851,111,1,1
BRDA:874,112,0,1
BRDA:874,112,1,1
BRDA:874,113,0,2
BRDA:874,113,1,1
BRDA:884,114,0,181
BRDA:884,114,1,140
BRDA:893,115,0,1
BRDA:893,115,1,1
BRDA:893,116,0,2
BRDA:893,116,1,1
BRDA:897,117,0,51
BRDA:897,117,1,42
BRDA:922,118,0,13
BRDA:922,118,1,13
BRDA:932,119,0,32
BRDA:932,119,1,6
BRDA:932,120,0,32
BRDA:932,120,1,6
BRDA:936,121,0,1
BRDA:936,121,1,1
BRDA:939,122,0,6
BRDA:939,122,1,2
BRDA:945,123,0,1
BRDA:945,123,1,1
BRDA:948,124,0,4
BRDA:948,124,1,2
BRDA:971,125,0,1
BRDA:971,125,1,1
BRDA:1009,126,0,26
BRDA:1009,126,1,28
BRDA:1009,126,2,40
BRDA:1009,126,3,16
BRDA:1009,126,4,32
BRDA:1050,127,0,8
BRDA:1050,127,1,82
BRDA:1092,128,0,70
BRDA:1092,128,1,70
BRDA:1094,129,0,140
BRDA:1094,129,1,98
BRDA:1096,130,0,108
BRDA:1096,130,1,32
BRDA:1116,131,0,6
BRDA:1116,131,1,42
BRDA:1123,132,0,50
BRDA:1123,132,1,22
BRDA:1125,133,0,6
BRDA:1125,133,1,44
BRDA:1133,134,0,8
BRDA:1133,134,1,40
BRDA:1136,135,0,7
BRDA:1136,135,1,7
BRDA:1137,136,0,10
BRDA:1137,136,1,4
BRDA:1141,137,0,10
BRDA:1141,137,1,4
BRDA:1142,138,0,2
BRDA:1142,138,1,8
BRDA:1151,139,0,2
BRDA:1151,139,1,6
BRDA:1162,140,0,29
BRDA:1162,140,1,29
BRDA:1163,141,0,40
BRDA:1163,141,1,18
BRDA:1178,142,0,12
BRDA:1178,142,1,34
BRDA:1180,143,0,12
BRDA:1180,143,1,12
BRDA:1182,144,0,24
BRDA:1182,144,1,22
BRDA:1186,145,0,46
BRDA:1186,145,1,26
BRF:311
BRH:311
end_of_record
